{"/home/zadmin/LDP/REACT/seeder-react/src/App.tsx": {"path":"/home/zadmin/LDP/REACT/seeder-react/src/App.tsx","statementMap":{"0":{"start":{"line":9,"column":2},"end":{"line":16,"column":4}}},"fnMap":{"0":{"name":"App","decl":{"start":{"line":8,"column":9},"end":{"line":8,"column":12}},"loc":{"start":{"line":8,"column":15},"end":{"line":17,"column":1}},"line":8}},"branchMap":{},"s":{"0":1},"f":{"0":1},"b":{},"_coverageSchema":"1a1c01bbd47fc00a2c39e90264f33305004495a9","hash":"81449e8d2fec5bcdfa49f815429c17c7cec4fcd9"}
,"/home/zadmin/LDP/REACT/seeder-react/src/components/Templates/CashAccelaration/CashAccelerationComp.tsx": {"path":"/home/zadmin/LDP/REACT/seeder-react/src/components/Templates/CashAccelaration/CashAccelerationComp.tsx","statementMap":{"0":{"start":{"line":12,"column":21},"end":{"line":12,"column":99}},"1":{"start":{"line":14,"column":16},"end":{"line":39,"column":1}},"2":{"start":{"line":41,"column":29},"end":{"line":72,"column":1}},"3":{"start":{"line":42,"column":4},"end":{"line":71,"column":5}}},"fnMap":{"0":{"name":"(anonymous_0)","decl":{"start":{"line":41,"column":29},"end":{"line":41,"column":30}},"loc":{"start":{"line":41,"column":35},"end":{"line":72,"column":1}},"line":41}},"branchMap":{},"s":{"0":1,"1":1,"2":1,"3":0},"f":{"0":0},"b":{},"_coverageSchema":"1a1c01bbd47fc00a2c39e90264f33305004495a9","hash":"c2a0f612b48b559040001c6693d77a4cada8d2b9"}
,"/home/zadmin/LDP/REACT/seeder-react/src/components/Templates/Home/Home.tsx": {"path":"/home/zadmin/LDP/REACT/seeder-react/src/components/Templates/Home/Home.tsx","statementMap":{"0":{"start":{"line":11,"column":21},"end":{"line":11,"column":77}},"1":{"start":{"line":13,"column":13},"end":{"line":45,"column":1}},"2":{"start":{"line":14,"column":4},"end":{"line":44,"column":5}}},"fnMap":{"0":{"name":"(anonymous_0)","decl":{"start":{"line":13,"column":13},"end":{"line":13,"column":14}},"loc":{"start":{"line":13,"column":19},"end":{"line":45,"column":1}},"line":13}},"branchMap":{},"s":{"0":1,"1":1,"2":2},"f":{"0":2},"b":{},"_coverageSchema":"1a1c01bbd47fc00a2c39e90264f33305004495a9","hash":"3e0453dfa06ab6dc6e6ea9f71ef0dc233b9ce356"}
,"/home/zadmin/LDP/REACT/seeder-react/src/components/atoms/ButtonComp/ButtonComp.tsx": {"path":"/home/zadmin/LDP/REACT/seeder-react/src/components/atoms/ButtonComp/ButtonComp.tsx","statementMap":{"0":{"start":{"line":14,"column":26},"end":{"line":24,"column":1}},"1":{"start":{"line":16,"column":2},"end":{"line":23,"column":3}}},"fnMap":{"0":{"name":"(anonymous_0)","decl":{"start":{"line":14,"column":26},"end":{"line":14,"column":27}},"loc":{"start":{"line":14,"column":50},"end":{"line":24,"column":1}},"line":14}},"branchMap":{"0":{"loc":{"start":{"line":18,"column":26},"end":{"line":18,"column":61}},"type":"cond-expr","locations":[{"start":{"line":18,"column":41},"end":{"line":18,"column":53}},{"start":{"line":18,"column":56},"end":{"line":18,"column":61}}],"line":18},"1":{"loc":{"start":{"line":19,"column":39},"end":{"line":19,"column":68}},"type":"cond-expr","locations":[{"start":{"line":19,"column":54},"end":{"line":19,"column":63}},{"start":{"line":19,"column":66},"end":{"line":19,"column":68}}],"line":19}},"s":{"0":2,"1":8},"f":{"0":8},"b":{"0":[2,6],"1":[2,6]},"_coverageSchema":"1a1c01bbd47fc00a2c39e90264f33305004495a9","hash":"ab5a90e5d3b70bc3af6791855d092c2a4ae0e54e"}
,"/home/zadmin/LDP/REACT/seeder-react/src/components/atoms/CheckboxComp/CheckboxComp.tsx": {"path":"/home/zadmin/LDP/REACT/seeder-react/src/components/atoms/CheckboxComp/CheckboxComp.tsx","statementMap":{"0":{"start":{"line":5,"column":21},"end":{"line":39,"column":1}},"1":{"start":{"line":6,"column":19},"end":{"line":24,"column":5}},"2":{"start":{"line":26,"column":34},"end":{"line":26,"column":49}},"3":{"start":{"line":27,"column":27},"end":{"line":27,"column":55}},"4":{"start":{"line":28,"column":25},"end":{"line":30,"column":5}},"5":{"start":{"line":29,"column":8},"end":{"line":29,"column":29}},"6":{"start":{"line":31,"column":4},"end":{"line":38,"column":5}}},"fnMap":{"0":{"name":"(anonymous_0)","decl":{"start":{"line":5,"column":21},"end":{"line":5,"column":22}},"loc":{"start":{"line":5,"column":37},"end":{"line":39,"column":1}},"line":5},"1":{"name":"(anonymous_1)","decl":{"start":{"line":28,"column":25},"end":{"line":28,"column":26}},"loc":{"start":{"line":28,"column":31},"end":{"line":30,"column":5}},"line":28}},"branchMap":{"0":{"loc":{"start":{"line":9,"column":24},"end":{"line":9,"column":51}},"type":"cond-expr","locations":[{"start":{"line":9,"column":41},"end":{"line":9,"column":47}},{"start":{"line":9,"column":49},"end":{"line":9,"column":51}}],"line":9},"1":{"loc":{"start":{"line":10,"column":21},"end":{"line":10,"column":49}},"type":"cond-expr","locations":[{"start":{"line":10,"column":38},"end":{"line":10,"column":44}},{"start":{"line":10,"column":47},"end":{"line":10,"column":49}}],"line":10},"2":{"loc":{"start":{"line":11,"column":24},"end":{"line":11,"column":51}},"type":"cond-expr","locations":[{"start":{"line":11,"column":41},"end":{"line":11,"column":46}},{"start":{"line":11,"column":49},"end":{"line":11,"column":51}}],"line":11}},"s":{"0":2,"1":6,"2":6,"3":6,"4":6,"5":2,"6":6},"f":{"0":6,"1":2},"b":{"0":[1,5],"1":[1,5],"2":[1,5]},"_coverageSchema":"1a1c01bbd47fc00a2c39e90264f33305004495a9","hash":"06ae46d58640b0b7942cb943c667bcc71c10c9fc"}
,"/home/zadmin/LDP/REACT/seeder-react/src/components/atoms/InputComp/InputComp.tsx": {"path":"/home/zadmin/LDP/REACT/seeder-react/src/components/atoms/InputComp/InputComp.tsx","statementMap":{"0":{"start":{"line":10,"column":24},"end":{"line":15,"column":1}},"1":{"start":{"line":17,"column":18},"end":{"line":37,"column":1}},"2":{"start":{"line":18,"column":4},"end":{"line":36,"column":5}}},"fnMap":{"0":{"name":"(anonymous_0)","decl":{"start":{"line":17,"column":18},"end":{"line":17,"column":19}},"loc":{"start":{"line":17,"column":104},"end":{"line":37,"column":1}},"line":17}},"branchMap":{"0":{"loc":{"start":{"line":25,"column":21},"end":{"line":27,"column":42}},"type":"cond-expr","locations":[{"start":{"line":25,"column":40},"end":{"line":27,"column":37}},{"start":{"line":27,"column":40},"end":{"line":27,"column":42}}],"line":25},"1":{"loc":{"start":{"line":30,"column":21},"end":{"line":32,"column":42}},"type":"cond-expr","locations":[{"start":{"line":30,"column":38},"end":{"line":32,"column":37}},{"start":{"line":32,"column":40},"end":{"line":32,"column":42}}],"line":30}},"s":{"0":0,"1":0,"2":0},"f":{"0":0},"b":{"0":[0,0],"1":[0,0]}}
,"/home/zadmin/LDP/REACT/seeder-react/src/components/atoms/SliderComp/SliderComp.tsx": {"path":"/home/zadmin/LDP/REACT/seeder-react/src/components/atoms/SliderComp/SliderComp.tsx","statementMap":{"0":{"start":{"line":5,"column":2},"end":{"line":5,"column":22}},"1":{"start":{"line":8,"column":18},"end":{"line":22,"column":2}},"2":{"start":{"line":23,"column":19},"end":{"line":52,"column":1}},"3":{"start":{"line":24,"column":18},"end":{"line":24,"column":29}},"4":{"start":{"line":25,"column":28},"end":{"line":25,"column":45}},"5":{"start":{"line":27,"column":23},"end":{"line":29,"column":3}},"6":{"start":{"line":28,"column":4},"end":{"line":28,"column":23}},"7":{"start":{"line":31,"column":22},"end":{"line":34,"column":3}},"8":{"start":{"line":35,"column":2},"end":{"line":51,"column":3}}},"fnMap":{"0":{"name":"valuetext","decl":{"start":{"line":4,"column":9},"end":{"line":4,"column":18}},"loc":{"start":{"line":4,"column":34},"end":{"line":6,"column":1}},"line":4},"1":{"name":"(anonymous_1)","decl":{"start":{"line":23,"column":19},"end":{"line":23,"column":20}},"loc":{"start":{"line":23,"column":25},"end":{"line":52,"column":1}},"line":23},"2":{"name":"(anonymous_2)","decl":{"start":{"line":27,"column":23},"end":{"line":27,"column":24}},"loc":{"start":{"line":27,"column":54},"end":{"line":29,"column":3}},"line":27}},"branchMap":{},"s":{"0":0,"1":0,"2":0,"3":0,"4":0,"5":0,"6":0,"7":0,"8":0},"f":{"0":0,"1":0,"2":0},"b":{}}
,"/home/zadmin/LDP/REACT/seeder-react/src/components/atoms/TypographyComp/TypographyComp.tsx": {"path":"/home/zadmin/LDP/REACT/seeder-react/src/components/atoms/TypographyComp/TypographyComp.tsx","statementMap":{"0":{"start":{"line":11,"column":23},"end":{"line":21,"column":1}},"1":{"start":{"line":12,"column":4},"end":{"line":20,"column":5}}},"fnMap":{"0":{"name":"(anonymous_0)","decl":{"start":{"line":11,"column":23},"end":{"line":11,"column":24}},"loc":{"start":{"line":11,"column":55},"end":{"line":21,"column":1}},"line":11}},"branchMap":{},"s":{"0":1,"1":26},"f":{"0":26},"b":{},"_coverageSchema":"1a1c01bbd47fc00a2c39e90264f33305004495a9","hash":"3b8f58a97f884b3a3826aa2dd77e0291e16207fb"}
,"/home/zadmin/LDP/REACT/seeder-react/src/components/molecules/CashCard/CashCard.tsx": {"path":"/home/zadmin/LDP/REACT/seeder-react/src/components/molecules/CashCard/CashCard.tsx","statementMap":{"0":{"start":{"line":6,"column":17},"end":{"line":20,"column":1}},"1":{"start":{"line":7,"column":4},"end":{"line":19,"column":5}}},"fnMap":{"0":{"name":"(anonymous_0)","decl":{"start":{"line":6,"column":17},"end":{"line":6,"column":18}},"loc":{"start":{"line":6,"column":61},"end":{"line":20,"column":1}},"line":6}},"branchMap":{},"s":{"0":1,"1":0},"f":{"0":0},"b":{},"_coverageSchema":"1a1c01bbd47fc00a2c39e90264f33305004495a9","hash":"62545cdcee9e35857c63efe3fcb3d4711e432a5e"}
,"/home/zadmin/LDP/REACT/seeder-react/src/components/molecules/IconText/IconText.tsx": {"path":"/home/zadmin/LDP/REACT/seeder-react/src/components/molecules/IconText/IconText.tsx","statementMap":{"0":{"start":{"line":6,"column":18},"end":{"line":8,"column":1}},"1":{"start":{"line":10,"column":19},"end":{"line":16,"column":1}},"2":{"start":{"line":20,"column":17},"end":{"line":36,"column":1}},"3":{"start":{"line":22,"column":27},"end":{"line":25,"column":5}},"4":{"start":{"line":23,"column":8},"end":{"line":23,"column":37}},"5":{"start":{"line":24,"column":8},"end":{"line":24,"column":27}},"6":{"start":{"line":27,"column":4},"end":{"line":35,"column":5}}},"fnMap":{"0":{"name":"(anonymous_0)","decl":{"start":{"line":20,"column":17},"end":{"line":20,"column":18}},"loc":{"start":{"line":20,"column":104},"end":{"line":36,"column":1}},"line":20},"1":{"name":"(anonymous_1)","decl":{"start":{"line":22,"column":27},"end":{"line":22,"column":28}},"loc":{"start":{"line":22,"column":33},"end":{"line":25,"column":5}},"line":22}},"branchMap":{"0":{"loc":{"start":{"line":30,"column":17},"end":{"line":30,"column":87}},"type":"cond-expr","locations":[{"start":{"line":30,"column":26},"end":{"line":30,"column":82}},{"start":{"line":30,"column":85},"end":{"line":30,"column":87}}],"line":30},"1":{"loc":{"start":{"line":32,"column":17},"end":{"line":32,"column":92}},"type":"cond-expr","locations":[{"start":{"line":32,"column":27},"end":{"line":32,"column":87}},{"start":{"line":32,"column":90},"end":{"line":32,"column":92}}],"line":32}},"s":{"0":1,"1":1,"2":1,"3":8,"4":0,"5":0,"6":8},"f":{"0":8,"1":0},"b":{"0":[6,2],"1":[2,6]},"_coverageSchema":"1a1c01bbd47fc00a2c39e90264f33305004495a9","hash":"881574898a3f4dd58206dc33875d4e270f0700da"}
,"/home/zadmin/LDP/REACT/seeder-react/src/components/molecules/ProfileCard/ProfileCard.tsx": {"path":"/home/zadmin/LDP/REACT/seeder-react/src/components/molecules/ProfileCard/ProfileCard.tsx","statementMap":{"0":{"start":{"line":11,"column":18},"end":{"line":17,"column":1}},"1":{"start":{"line":19,"column":12},"end":{"line":34,"column":1}},"2":{"start":{"line":36,"column":12},"end":{"line":51,"column":1}},"3":{"start":{"line":53,"column":20},"end":{"line":82,"column":1}},"4":{"start":{"line":54,"column":4},"end":{"line":81,"column":5}}},"fnMap":{"0":{"name":"(anonymous_0)","decl":{"start":{"line":53,"column":20},"end":{"line":53,"column":21}},"loc":{"start":{"line":53,"column":26},"end":{"line":82,"column":1}},"line":53}},"branchMap":{},"s":{"0":0,"1":0,"2":0,"3":0,"4":0},"f":{"0":0},"b":{}}
,"/home/zadmin/LDP/REACT/seeder-react/src/components/molecules/SideBarBox/SideBarBox.stories.tsx": {"path":"/home/zadmin/LDP/REACT/seeder-react/src/components/molecules/SideBarBox/SideBarBox.stories.tsx","statementMap":{"0":{"start":{"line":7,"column":13},"end":{"line":17,"column":1}},"1":{"start":{"line":23,"column":19},"end":{"line":26,"column":1}},"2":{"start":{"line":28,"column":34},"end":{"line":47,"column":1}}},"fnMap":{},"branchMap":{},"s":{"0":0,"1":0,"2":0},"f":{},"b":{}}
,"/home/zadmin/LDP/REACT/seeder-react/src/components/molecules/SideBarBox/SideBarBox.tsx": {"path":"/home/zadmin/LDP/REACT/seeder-react/src/components/molecules/SideBarBox/SideBarBox.tsx","statementMap":{"0":{"start":{"line":6,"column":19},"end":{"line":29,"column":1}},"1":{"start":{"line":8,"column":25},"end":{"line":8,"column":38}},"2":{"start":{"line":10,"column":23},"end":{"line":17,"column":6}},"3":{"start":{"line":11,"column":8},"end":{"line":15,"column":9}},"4":{"start":{"line":12,"column":12},"end":{"line":12,"column":31}},"5":{"start":{"line":14,"column":12},"end":{"line":14,"column":31}},"6":{"start":{"line":16,"column":8},"end":{"line":16,"column":18}},"7":{"start":{"line":20,"column":4},"end":{"line":28,"column":5}},"8":{"start":{"line":23,"column":16},"end":{"line":25,"column":22}}},"fnMap":{"0":{"name":"(anonymous_0)","decl":{"start":{"line":6,"column":19},"end":{"line":6,"column":20}},"loc":{"start":{"line":6,"column":69},"end":{"line":29,"column":1}},"line":6},"1":{"name":"(anonymous_1)","decl":{"start":{"line":10,"column":35},"end":{"line":10,"column":36}},"loc":{"start":{"line":10,"column":48},"end":{"line":17,"column":5}},"line":10},"2":{"name":"(anonymous_2)","decl":{"start":{"line":22,"column":28},"end":{"line":22,"column":29}},"loc":{"start":{"line":23,"column":16},"end":{"line":25,"column":22}},"line":23}},"branchMap":{"0":{"loc":{"start":{"line":11,"column":8},"end":{"line":15,"column":9}},"type":"if","locations":[{"start":{"line":11,"column":8},"end":{"line":15,"column":9}},{"start":{"line":13,"column":15},"end":{"line":15,"column":9}}],"line":11},"1":{"loc":{"start":{"line":23,"column":72},"end":{"line":23,"column":101}},"type":"cond-expr","locations":[{"start":{"line":23,"column":88},"end":{"line":23,"column":96}},{"start":{"line":23,"column":99},"end":{"line":23,"column":101}}],"line":23}},"s":{"0":1,"1":2,"2":2,"3":4,"4":0,"5":4,"6":4,"7":2,"8":4},"f":{"0":2,"1":4,"2":4},"b":{"0":[0,4],"1":[0,4]},"_coverageSchema":"1a1c01bbd47fc00a2c39e90264f33305004495a9","hash":"e0bb0a50c515060c69ffc5ecbaebf292d983394e"}
,"/home/zadmin/LDP/REACT/seeder-react/src/components/organisms/CashAccelaration/CashAccelaration.tsx": {"path":"/home/zadmin/LDP/REACT/seeder-react/src/components/organisms/CashAccelaration/CashAccelaration.tsx","statementMap":{"0":{"start":{"line":7,"column":18},"end":{"line":14,"column":1}},"1":{"start":{"line":16,"column":17},"end":{"line":20,"column":1}},"2":{"start":{"line":22,"column":19},"end":{"line":31,"column":1}},"3":{"start":{"line":33,"column":25},"end":{"line":52,"column":1}},"4":{"start":{"line":34,"column":4},"end":{"line":51,"column":5}},"5":{"start":{"line":37,"column":16},"end":{"line":47,"column":22}}},"fnMap":{"0":{"name":"(anonymous_0)","decl":{"start":{"line":33,"column":25},"end":{"line":33,"column":26}},"loc":{"start":{"line":33,"column":75},"end":{"line":52,"column":1}},"line":33},"1":{"name":"(anonymous_1)","decl":{"start":{"line":36,"column":22},"end":{"line":36,"column":23}},"loc":{"start":{"line":37,"column":16},"end":{"line":47,"column":22}},"line":37}},"branchMap":{},"s":{"0":0,"1":0,"2":0,"3":0,"4":0,"5":0},"f":{"0":0,"1":0},"b":{}}
,"/home/zadmin/LDP/REACT/seeder-react/src/components/organisms/DialogComp/DialogComp.stories.tsx": {"path":"/home/zadmin/LDP/REACT/seeder-react/src/components/organisms/DialogComp/DialogComp.stories.tsx","statementMap":{"0":{"start":{"line":4,"column":13},"end":{"line":14,"column":1}},"1":{"start":{"line":20,"column":34},"end":{"line":29,"column":1}}},"fnMap":{},"branchMap":{},"s":{"0":0,"1":0},"f":{},"b":{}}
,"/home/zadmin/LDP/REACT/seeder-react/src/components/organisms/DialogComp/DialogComp.tsx": {"path":"/home/zadmin/LDP/REACT/seeder-react/src/components/organisms/DialogComp/DialogComp.tsx","statementMap":{"0":{"start":{"line":7,"column":23},"end":{"line":17,"column":1}},"1":{"start":{"line":19,"column":19},"end":{"line":59,"column":1}},"2":{"start":{"line":20,"column":28},"end":{"line":20,"column":48}},"3":{"start":{"line":22,"column":24},"end":{"line":24,"column":5}},"4":{"start":{"line":23,"column":8},"end":{"line":23,"column":23}},"5":{"start":{"line":25,"column":4},"end":{"line":58,"column":5}},"6":{"start":{"line":32,"column":20},"end":{"line":32,"column":43}},"7":{"start":{"line":33,"column":37},"end":{"line":33,"column":70}},"8":{"start":{"line":34,"column":37},"end":{"line":34,"column":84}},"9":{"start":{"line":35,"column":34},"end":{"line":35,"column":48}},"10":{"start":{"line":36,"column":20},"end":{"line":36,"column":39}},"11":{"start":{"line":37,"column":20},"end":{"line":37,"column":34}}},"fnMap":{"0":{"name":"(anonymous_0)","decl":{"start":{"line":19,"column":19},"end":{"line":19,"column":20}},"loc":{"start":{"line":19,"column":25},"end":{"line":59,"column":1}},"line":19},"1":{"name":"(anonymous_1)","decl":{"start":{"line":22,"column":24},"end":{"line":22,"column":25}},"loc":{"start":{"line":22,"column":30},"end":{"line":24,"column":5}},"line":22},"2":{"name":"(anonymous_2)","decl":{"start":{"line":31,"column":26},"end":{"line":31,"column":27}},"loc":{"start":{"line":31,"column":71},"end":{"line":38,"column":17}},"line":31}},"branchMap":{},"s":{"0":0,"1":0,"2":0,"3":0,"4":0,"5":0,"6":0,"7":0,"8":0,"9":0,"10":0,"11":0},"f":{"0":0,"1":0,"2":0},"b":{}}
,"/home/zadmin/LDP/REACT/seeder-react/src/components/organisms/Header/Header.tsx": {"path":"/home/zadmin/LDP/REACT/seeder-react/src/components/organisms/Header/Header.tsx","statementMap":{"0":{"start":{"line":8,"column":15},"end":{"line":25,"column":1}},"1":{"start":{"line":9,"column":4},"end":{"line":24,"column":5}}},"fnMap":{"0":{"name":"(anonymous_0)","decl":{"start":{"line":8,"column":15},"end":{"line":8,"column":16}},"loc":{"start":{"line":8,"column":21},"end":{"line":25,"column":1}},"line":8}},"branchMap":{},"s":{"0":1,"1":2},"f":{"0":2},"b":{},"_coverageSchema":"1a1c01bbd47fc00a2c39e90264f33305004495a9","hash":"ed7ef2009b6a4375da130766dff2b1e931e6451d"}
,"/home/zadmin/LDP/REACT/seeder-react/src/components/organisms/NavBar/NavBar.tsx": {"path":"/home/zadmin/LDP/REACT/seeder-react/src/components/organisms/NavBar/NavBar.tsx","statementMap":{"0":{"start":{"line":10,"column":19},"end":{"line":13,"column":1}},"1":{"start":{"line":15,"column":20},"end":{"line":32,"column":1}},"2":{"start":{"line":33,"column":15},"end":{"line":48,"column":1}},"3":{"start":{"line":50,"column":15},"end":{"line":62,"column":1}},"4":{"start":{"line":51,"column":4},"end":{"line":61,"column":5}}},"fnMap":{"0":{"name":"(anonymous_0)","decl":{"start":{"line":50,"column":15},"end":{"line":50,"column":16}},"loc":{"start":{"line":50,"column":39},"end":{"line":62,"column":1}},"line":50}},"branchMap":{},"s":{"0":1,"1":1,"2":1,"3":1,"4":2},"f":{"0":2},"b":{},"_coverageSchema":"1a1c01bbd47fc00a2c39e90264f33305004495a9","hash":"fe260ff5f46307686978470307a871d2b6808f25"}
,"/home/zadmin/LDP/REACT/seeder-react/src/components/organisms/QuickAccess/QuickAccess.tsx": {"path":"/home/zadmin/LDP/REACT/seeder-react/src/components/organisms/QuickAccess/QuickAccess.tsx","statementMap":{"0":{"start":{"line":6,"column":13},"end":{"line":11,"column":1}},"1":{"start":{"line":13,"column":16},"end":{"line":16,"column":1}},"2":{"start":{"line":18,"column":22},"end":{"line":23,"column":1}},"3":{"start":{"line":27,"column":20},"end":{"line":44,"column":1}},"4":{"start":{"line":28,"column":4},"end":{"line":43,"column":5}}},"fnMap":{"0":{"name":"(anonymous_0)","decl":{"start":{"line":27,"column":20},"end":{"line":27,"column":21}},"loc":{"start":{"line":27,"column":26},"end":{"line":44,"column":1}},"line":27}},"branchMap":{},"s":{"0":1,"1":1,"2":1,"3":1,"4":2},"f":{"0":2},"b":{},"_coverageSchema":"1a1c01bbd47fc00a2c39e90264f33305004495a9","hash":"d55299f8bbd6a1610152db92c1318da5fb93ad3d"}
,"/home/zadmin/LDP/REACT/seeder-react/src/components/organisms/SummaryCard/SummaryCard.stories.tsx": {"path":"/home/zadmin/LDP/REACT/seeder-react/src/components/organisms/SummaryCard/SummaryCard.stories.tsx","statementMap":{"0":{"start":{"line":4,"column":13},"end":{"line":14,"column":1}},"1":{"start":{"line":20,"column":35},"end":{"line":29,"column":1}}},"fnMap":{},"branchMap":{},"s":{"0":0,"1":0},"f":{},"b":{}}
,"/home/zadmin/LDP/REACT/seeder-react/src/components/organisms/SummaryCard/SummaryCard.tsx": {"path":"/home/zadmin/LDP/REACT/seeder-react/src/components/organisms/SummaryCard/SummaryCard.tsx","statementMap":{"0":{"start":{"line":10,"column":16},"end":{"line":26,"column":1}},"1":{"start":{"line":28,"column":18},"end":{"line":33,"column":1}},"2":{"start":{"line":35,"column":20},"end":{"line":122,"column":1}},"3":{"start":{"line":36,"column":4},"end":{"line":121,"column":5}}},"fnMap":{"0":{"name":"(anonymous_0)","decl":{"start":{"line":35,"column":20},"end":{"line":35,"column":21}},"loc":{"start":{"line":35,"column":26},"end":{"line":122,"column":1}},"line":35}},"branchMap":{},"s":{"0":0,"1":0,"2":0,"3":0},"f":{"0":0},"b":{}}
,"/home/zadmin/LDP/REACT/seeder-react/src/components/organisms/TableComp/TableComp.tsx": {"path":"/home/zadmin/LDP/REACT/seeder-react/src/components/organisms/TableComp/TableComp.tsx","statementMap":{"0":{"start":{"line":19,"column":20},"end":{"line":34,"column":1}},"1":{"start":{"line":36,"column":21},"end":{"line":51,"column":1}},"2":{"start":{"line":53,"column":26},"end":{"line":86,"column":1}},"3":{"start":{"line":54,"column":4},"end":{"line":64,"column":5}},"4":{"start":{"line":55,"column":8},"end":{"line":63,"column":10}},"5":{"start":{"line":66,"column":4},"end":{"line":70,"column":5}},"6":{"start":{"line":67,"column":8},"end":{"line":69,"column":9}},"7":{"start":{"line":71,"column":4},"end":{"line":75,"column":5}},"8":{"start":{"line":72,"column":8},"end":{"line":74,"column":9}},"9":{"start":{"line":76,"column":4},"end":{"line":80,"column":5}},"10":{"start":{"line":77,"column":8},"end":{"line":79,"column":9}},"11":{"start":{"line":81,"column":4},"end":{"line":85,"column":5}},"12":{"start":{"line":82,"column":8},"end":{"line":84,"column":9}},"13":{"start":{"line":88,"column":37},"end":{"line":92,"column":1}},"14":{"start":{"line":89,"column":4},"end":{"line":91,"column":5}},"15":{"start":{"line":94,"column":19},"end":{"line":125,"column":1}},"16":{"start":{"line":95,"column":4},"end":{"line":124,"column":5}},"17":{"start":{"line":98,"column":16},"end":{"line":121,"column":27}},"18":{"start":{"line":127,"column":23},"end":{"line":156,"column":1}},"19":{"start":{"line":128,"column":4},"end":{"line":155,"column":5}},"20":{"start":{"line":131,"column":16},"end":{"line":152,"column":27}},"21":{"start":{"line":158,"column":29},"end":{"line":196,"column":1}},"22":{"start":{"line":159,"column":4},"end":{"line":195,"column":5}},"23":{"start":{"line":162,"column":16},"end":{"line":192,"column":27}},"24":{"start":{"line":198,"column":28},"end":{"line":229,"column":1}},"25":{"start":{"line":199,"column":4},"end":{"line":228,"column":5}},"26":{"start":{"line":202,"column":16},"end":{"line":225,"column":27}},"27":{"start":{"line":232,"column":18},"end":{"line":272,"column":1}},"28":{"start":{"line":233,"column":29},"end":{"line":233,"column":39}},"29":{"start":{"line":234,"column":4},"end":{"line":271,"column":5}},"30":{"start":{"line":253,"column":32},"end":{"line":261,"column":49}}},"fnMap":{"0":{"name":"(anonymous_0)","decl":{"start":{"line":53,"column":26},"end":{"line":53,"column":27}},"loc":{"start":{"line":53,"column":127},"end":{"line":86,"column":1}},"line":53},"1":{"name":"(anonymous_1)","decl":{"start":{"line":88,"column":37},"end":{"line":88,"column":38}},"loc":{"start":{"line":88,"column":68},"end":{"line":92,"column":1}},"line":88},"2":{"name":"(anonymous_2)","decl":{"start":{"line":94,"column":19},"end":{"line":94,"column":20}},"loc":{"start":{"line":94,"column":34},"end":{"line":125,"column":1}},"line":94},"3":{"name":"(anonymous_3)","decl":{"start":{"line":97,"column":22},"end":{"line":97,"column":23}},"loc":{"start":{"line":98,"column":16},"end":{"line":121,"column":27}},"line":98},"4":{"name":"(anonymous_4)","decl":{"start":{"line":127,"column":23},"end":{"line":127,"column":24}},"loc":{"start":{"line":127,"column":38},"end":{"line":156,"column":1}},"line":127},"5":{"name":"(anonymous_5)","decl":{"start":{"line":130,"column":22},"end":{"line":130,"column":23}},"loc":{"start":{"line":131,"column":16},"end":{"line":152,"column":27}},"line":131},"6":{"name":"(anonymous_6)","decl":{"start":{"line":158,"column":29},"end":{"line":158,"column":30}},"loc":{"start":{"line":158,"column":65},"end":{"line":196,"column":1}},"line":158},"7":{"name":"(anonymous_7)","decl":{"start":{"line":161,"column":22},"end":{"line":161,"column":23}},"loc":{"start":{"line":162,"column":16},"end":{"line":192,"column":27}},"line":162},"8":{"name":"(anonymous_8)","decl":{"start":{"line":198,"column":28},"end":{"line":198,"column":29}},"loc":{"start":{"line":198,"column":43},"end":{"line":229,"column":1}},"line":198},"9":{"name":"(anonymous_9)","decl":{"start":{"line":201,"column":22},"end":{"line":201,"column":23}},"loc":{"start":{"line":202,"column":16},"end":{"line":225,"column":27}},"line":202},"10":{"name":"(anonymous_10)","decl":{"start":{"line":232,"column":18},"end":{"line":232,"column":19}},"loc":{"start":{"line":232,"column":94},"end":{"line":272,"column":1}},"line":232},"11":{"name":"(anonymous_11)","decl":{"start":{"line":252,"column":46},"end":{"line":252,"column":47}},"loc":{"start":{"line":253,"column":32},"end":{"line":261,"column":49}},"line":253}},"branchMap":{"0":{"loc":{"start":{"line":54,"column":4},"end":{"line":64,"column":5}},"type":"if","locations":[{"start":{"line":54,"column":4},"end":{"line":64,"column":5}},{"start":{},"end":{}}],"line":54},"1":{"loc":{"start":{"line":54,"column":8},"end":{"line":54,"column":34}},"type":"binary-expr","locations":[{"start":{"line":54,"column":8},"end":{"line":54,"column":13}},{"start":{"line":54,"column":17},"end":{"line":54,"column":34}}],"line":54},"2":{"loc":{"start":{"line":66,"column":4},"end":{"line":70,"column":5}},"type":"if","locations":[{"start":{"line":66,"column":4},"end":{"line":70,"column":5}},{"start":{},"end":{}}],"line":66},"3":{"loc":{"start":{"line":71,"column":4},"end":{"line":75,"column":5}},"type":"if","locations":[{"start":{"line":71,"column":4},"end":{"line":75,"column":5}},{"start":{},"end":{}}],"line":71},"4":{"loc":{"start":{"line":76,"column":4},"end":{"line":80,"column":5}},"type":"if","locations":[{"start":{"line":76,"column":4},"end":{"line":80,"column":5}},{"start":{},"end":{}}],"line":76},"5":{"loc":{"start":{"line":81,"column":4},"end":{"line":85,"column":5}},"type":"if","locations":[{"start":{"line":81,"column":4},"end":{"line":85,"column":5}},{"start":{},"end":{}}],"line":81},"6":{"loc":{"start":{"line":169,"column":21},"end":{"line":173,"column":28}},"type":"cond-expr","locations":[{"start":{"line":170,"column":24},"end":{"line":172,"column":36}},{"start":{"line":173,"column":24},"end":{"line":173,"column":28}}],"line":169},"7":{"loc":{"start":{"line":185,"column":67},"end":{"line":185,"column":122}},"type":"cond-expr","locations":[{"start":{"line":185,"column":87},"end":{"line":185,"column":116}},{"start":{"line":185,"column":119},"end":{"line":185,"column":122}}],"line":185},"8":{"loc":{"start":{"line":186,"column":70},"end":{"line":186,"column":117}},"type":"cond-expr","locations":[{"start":{"line":186,"column":87},"end":{"line":186,"column":111}},{"start":{"line":186,"column":114},"end":{"line":186,"column":117}}],"line":186},"9":{"loc":{"start":{"line":218,"column":67},"end":{"line":218,"column":128}},"type":"cond-expr","locations":[{"start":{"line":218,"column":90},"end":{"line":218,"column":122}},{"start":{"line":218,"column":125},"end":{"line":218,"column":128}}],"line":218},"10":{"loc":{"start":{"line":219,"column":70},"end":{"line":219,"column":123}},"type":"cond-expr","locations":[{"start":{"line":219,"column":90},"end":{"line":219,"column":117}},{"start":{"line":219,"column":120},"end":{"line":219,"column":123}}],"line":219},"11":{"loc":{"start":{"line":238,"column":17},"end":{"line":238,"column":61}},"type":"cond-expr","locations":[{"start":{"line":238,"column":25},"end":{"line":238,"column":56}},{"start":{"line":238,"column":59},"end":{"line":238,"column":61}}],"line":238},"12":{"loc":{"start":{"line":241,"column":13},"end":{"line":247,"column":27}},"type":"cond-expr","locations":[{"start":{"line":242,"column":16},"end":{"line":247,"column":22}},{"start":{"line":247,"column":25},"end":{"line":247,"column":27}}],"line":241},"13":{"loc":{"start":{"line":254,"column":37},"end":{"line":260,"column":37}},"type":"cond-expr","locations":[{"start":{"line":255,"column":40},"end":{"line":255,"column":72}},{"start":{"line":257,"column":40},"end":{"line":259,"column":52}}],"line":254},"14":{"loc":{"start":{"line":257,"column":158},"end":{"line":257,"column":205}},"type":"cond-expr","locations":[{"start":{"line":257,"column":168},"end":{"line":257,"column":185}},{"start":{"line":257,"column":188},"end":{"line":257,"column":205}}],"line":257}},"s":{"0":1,"1":1,"2":1,"3":2,"4":2,"5":0,"6":0,"7":0,"8":0,"9":0,"10":0,"11":0,"12":0,"13":1,"14":0,"15":1,"16":0,"17":0,"18":1,"19":0,"20":0,"21":1,"22":0,"23":0,"24":1,"25":0,"26":0,"27":1,"28":2,"29":2,"30":8},"f":{"0":2,"1":0,"2":0,"3":0,"4":0,"5":0,"6":0,"7":0,"8":0,"9":0,"10":2,"11":8},"b":{"0":[2,0],"1":[2,2],"2":[0,0],"3":[0,0],"4":[0,0],"5":[0,0],"6":[0,0],"7":[0,0],"8":[0,0],"9":[0,0],"10":[0,0],"11":[0,2],"12":[0,2],"13":[0,8],"14":[2,6]},"_coverageSchema":"1a1c01bbd47fc00a2c39e90264f33305004495a9","hash":"733dd36dcb9413c8ff64a72efcceb3b0975f222d"}
,"/home/zadmin/LDP/REACT/seeder-react/src/components/pages/CashAccelarationPage/CashAccelarationPage.tsx": {"path":"/home/zadmin/LDP/REACT/seeder-react/src/components/pages/CashAccelarationPage/CashAccelarationPage.tsx","statementMap":{"0":{"start":{"line":4,"column":29},"end":{"line":10,"column":1}},"1":{"start":{"line":5,"column":2},"end":{"line":9,"column":3}}},"fnMap":{"0":{"name":"(anonymous_0)","decl":{"start":{"line":4,"column":29},"end":{"line":4,"column":30}},"loc":{"start":{"line":4,"column":35},"end":{"line":10,"column":1}},"line":4}},"branchMap":{},"s":{"0":1,"1":0},"f":{"0":0},"b":{},"_coverageSchema":"1a1c01bbd47fc00a2c39e90264f33305004495a9","hash":"9ac8da6dedcd725997b5efd666dbab48f0a9da48"}
,"/home/zadmin/LDP/REACT/seeder-react/src/components/pages/HomePage/HomePage.tsx": {"path":"/home/zadmin/LDP/REACT/seeder-react/src/components/pages/HomePage/HomePage.tsx","statementMap":{"0":{"start":{"line":4,"column":17},"end":{"line":10,"column":1}},"1":{"start":{"line":5,"column":2},"end":{"line":9,"column":3}}},"fnMap":{"0":{"name":"(anonymous_0)","decl":{"start":{"line":4,"column":17},"end":{"line":4,"column":18}},"loc":{"start":{"line":4,"column":23},"end":{"line":10,"column":1}},"line":4}},"branchMap":{},"s":{"0":1,"1":2},"f":{"0":2},"b":{},"_coverageSchema":"1a1c01bbd47fc00a2c39e90264f33305004495a9","hash":"55a7c2f4feb7c1847bdc2179455675dac9557a5e"}
,"/home/zadmin/LDP/REACT/seeder-react/src/components/pages/Main/Main.tsx": {"path":"/home/zadmin/LDP/REACT/seeder-react/src/components/pages/Main/Main.tsx","statementMap":{"0":{"start":{"line":9,"column":13},"end":{"line":43,"column":1}},"1":{"start":{"line":10,"column":21},"end":{"line":10,"column":34}},"2":{"start":{"line":11,"column":23},"end":{"line":20,"column":5}},"3":{"start":{"line":12,"column":8},"end":{"line":12,"column":39}},"4":{"start":{"line":15,"column":8},"end":{"line":19,"column":9}},"5":{"start":{"line":16,"column":12},"end":{"line":16,"column":30}},"6":{"start":{"line":17,"column":15},"end":{"line":19,"column":9}},"7":{"start":{"line":18,"column":12},"end":{"line":18,"column":43}},"8":{"start":{"line":22,"column":4},"end":{"line":42,"column":6}}},"fnMap":{"0":{"name":"(anonymous_0)","decl":{"start":{"line":9,"column":13},"end":{"line":9,"column":14}},"loc":{"start":{"line":9,"column":19},"end":{"line":43,"column":1}},"line":9},"1":{"name":"(anonymous_1)","decl":{"start":{"line":11,"column":23},"end":{"line":11,"column":24}},"loc":{"start":{"line":11,"column":40},"end":{"line":20,"column":5}},"line":11}},"branchMap":{"0":{"loc":{"start":{"line":15,"column":8},"end":{"line":19,"column":9}},"type":"if","locations":[{"start":{"line":15,"column":8},"end":{"line":19,"column":9}},{"start":{"line":17,"column":15},"end":{"line":19,"column":9}}],"line":15},"1":{"loc":{"start":{"line":17,"column":15},"end":{"line":19,"column":9}},"type":"if","locations":[{"start":{"line":17,"column":15},"end":{"line":19,"column":9}},{"start":{},"end":{}}],"line":17}},"s":{"0":1,"1":1,"2":1,"3":0,"4":0,"5":0,"6":0,"7":0,"8":1},"f":{"0":1,"1":0},"b":{"0":[0,0],"1":[0,0]},"_coverageSchema":"1a1c01bbd47fc00a2c39e90264f33305004495a9","hash":"e9c60a9b49bc65ae6012bf3e180cc9c6ee08d3b8"}
}
