{"/home/ayusg/LDP/REACT/seeder-react/src/App.tsx": {"path":"/home/ayusg/LDP/REACT/seeder-react/src/App.tsx","statementMap":{"0":{"start":{"line":10,"column":2},"end":{"line":17,"column":4}}},"fnMap":{"0":{"name":"App","decl":{"start":{"line":8,"column":9},"end":{"line":8,"column":12}},"loc":{"start":{"line":8,"column":15},"end":{"line":18,"column":1}},"line":8}},"branchMap":{},"s":{"0":0},"f":{"0":0},"b":{}}
,"/home/ayusg/LDP/REACT/seeder-react/src/api/api.tsx": {"path":"/home/ayusg/LDP/REACT/seeder-react/src/api/api.tsx","statementMap":{"0":{"start":{"line":5,"column":17},"end":{"line":5,"column":40}},"1":{"start":{"line":7,"column":12},"end":{"line":12,"column":2}},"2":{"start":{"line":14,"column":27},"end":{"line":21,"column":1}},"3":{"start":{"line":15,"column":2},"end":{"line":20,"column":3}},"4":{"start":{"line":16,"column":21},"end":{"line":16,"column":49}},"5":{"start":{"line":17,"column":4},"end":{"line":17,"column":25}},"6":{"start":{"line":19,"column":4},"end":{"line":19,"column":16}},"7":{"start":{"line":23,"column":28},"end":{"line":30,"column":1}},"8":{"start":{"line":24,"column":2},"end":{"line":29,"column":3}},"9":{"start":{"line":25,"column":21},"end":{"line":25,"column":48}},"10":{"start":{"line":26,"column":4},"end":{"line":26,"column":25}},"11":{"start":{"line":28,"column":4},"end":{"line":28,"column":16}},"12":{"start":{"line":33,"column":28},"end":{"line":40,"column":1}},"13":{"start":{"line":34,"column":2},"end":{"line":39,"column":3}},"14":{"start":{"line":35,"column":21},"end":{"line":35,"column":48}},"15":{"start":{"line":36,"column":4},"end":{"line":36,"column":25}},"16":{"start":{"line":38,"column":4},"end":{"line":38,"column":16}},"17":{"start":{"line":42,"column":39},"end":{"line":49,"column":1}},"18":{"start":{"line":43,"column":2},"end":{"line":48,"column":3}},"19":{"start":{"line":44,"column":21},"end":{"line":44,"column":59}},"20":{"start":{"line":45,"column":4},"end":{"line":45,"column":25}},"21":{"start":{"line":47,"column":4},"end":{"line":47,"column":16}},"22":{"start":{"line":51,"column":30},"end":{"line":58,"column":1}},"23":{"start":{"line":52,"column":2},"end":{"line":57,"column":3}},"24":{"start":{"line":53,"column":21},"end":{"line":53,"column":58}},"25":{"start":{"line":54,"column":4},"end":{"line":54,"column":20}},"26":{"start":{"line":56,"column":4},"end":{"line":56,"column":16}}},"fnMap":{"0":{"name":"(anonymous_0)","decl":{"start":{"line":14,"column":27},"end":{"line":14,"column":28}},"loc":{"start":{"line":14,"column":39},"end":{"line":21,"column":1}},"line":14},"1":{"name":"(anonymous_1)","decl":{"start":{"line":23,"column":28},"end":{"line":23,"column":29}},"loc":{"start":{"line":23,"column":40},"end":{"line":30,"column":1}},"line":23},"2":{"name":"(anonymous_2)","decl":{"start":{"line":33,"column":28},"end":{"line":33,"column":29}},"loc":{"start":{"line":33,"column":40},"end":{"line":40,"column":1}},"line":33},"3":{"name":"(anonymous_3)","decl":{"start":{"line":42,"column":39},"end":{"line":42,"column":40}},"loc":{"start":{"line":42,"column":51},"end":{"line":49,"column":1}},"line":42},"4":{"name":"(anonymous_4)","decl":{"start":{"line":51,"column":30},"end":{"line":51,"column":31}},"loc":{"start":{"line":51,"column":54},"end":{"line":58,"column":1}},"line":51}},"branchMap":{},"s":{"0":0,"1":0,"2":0,"3":0,"4":0,"5":0,"6":0,"7":0,"8":0,"9":0,"10":0,"11":0,"12":0,"13":0,"14":0,"15":0,"16":0,"17":0,"18":0,"19":0,"20":0,"21":0,"22":0,"23":0,"24":0,"25":0,"26":0},"f":{"0":0,"1":0,"2":0,"3":0,"4":0},"b":{}}
,"/home/ayusg/LDP/REACT/seeder-react/src/components/Templates/CashAccelaration/CashAccelerationComp.tsx": {"path":"/home/ayusg/LDP/REACT/seeder-react/src/components/Templates/CashAccelaration/CashAccelerationComp.tsx","statementMap":{"0":{"start":{"line":16,"column":21},"end":{"line":16,"column":99}},"1":{"start":{"line":17,"column":32},"end":{"line":17,"column":98}},"2":{"start":{"line":18,"column":16},"end":{"line":43,"column":1}},"3":{"start":{"line":45,"column":29},"end":{"line":147,"column":1}},"4":{"start":{"line":47,"column":42},"end":{"line":47,"column":59}},"5":{"start":{"line":48,"column":42},"end":{"line":48,"column":59}},"6":{"start":{"line":49,"column":38},"end":{"line":49,"column":70}},"7":{"start":{"line":50,"column":30},"end":{"line":50,"column":49}},"8":{"start":{"line":51,"column":34},"end":{"line":51,"column":57}},"9":{"start":{"line":52,"column":34},"end":{"line":52,"column":51}},"10":{"start":{"line":54,"column":24},"end":{"line":61,"column":5}},"11":{"start":{"line":55,"column":8},"end":{"line":55,"column":26}},"12":{"start":{"line":56,"column":8},"end":{"line":60,"column":9}},"13":{"start":{"line":57,"column":12},"end":{"line":57,"column":35}},"14":{"start":{"line":59,"column":12},"end":{"line":59,"column":35}},"15":{"start":{"line":63,"column":4},"end":{"line":93,"column":19}},"16":{"start":{"line":64,"column":32},"end":{"line":75,"column":9}},"17":{"start":{"line":65,"column":12},"end":{"line":74,"column":13}},"18":{"start":{"line":66,"column":33},"end":{"line":66,"column":53}},"19":{"start":{"line":67,"column":16},"end":{"line":67,"column":41}},"20":{"start":{"line":68,"column":16},"end":{"line":68,"column":37}},"21":{"start":{"line":71,"column":16},"end":{"line":71,"column":32}},"22":{"start":{"line":73,"column":16},"end":{"line":73,"column":34}},"23":{"start":{"line":76,"column":31},"end":{"line":88,"column":9}},"24":{"start":{"line":77,"column":12},"end":{"line":87,"column":13}},"25":{"start":{"line":78,"column":33},"end":{"line":78,"column":53}},"26":{"start":{"line":79,"column":16},"end":{"line":79,"column":41}},"27":{"start":{"line":82,"column":16},"end":{"line":82,"column":32}},"28":{"start":{"line":83,"column":16},"end":{"line":83,"column":35}},"29":{"start":{"line":85,"column":16},"end":{"line":85,"column":34}},"30":{"start":{"line":86,"column":16},"end":{"line":86,"column":37}},"31":{"start":{"line":90,"column":8},"end":{"line":90,"column":25}},"32":{"start":{"line":91,"column":8},"end":{"line":91,"column":26}},"33":{"start":{"line":94,"column":4},"end":{"line":94,"column":22}},"34":{"start":{"line":95,"column":4},"end":{"line":95,"column":24}},"35":{"start":{"line":97,"column":25},"end":{"line":112,"column":5}},"36":{"start":{"line":98,"column":8},"end":{"line":110,"column":9}},"37":{"start":{"line":115,"column":4},"end":{"line":146,"column":5}}},"fnMap":{"0":{"name":"(anonymous_0)","decl":{"start":{"line":45,"column":29},"end":{"line":45,"column":30}},"loc":{"start":{"line":45,"column":35},"end":{"line":147,"column":1}},"line":45},"1":{"name":"(anonymous_1)","decl":{"start":{"line":54,"column":24},"end":{"line":54,"column":25}},"loc":{"start":{"line":54,"column":41},"end":{"line":61,"column":5}},"line":54},"2":{"name":"(anonymous_2)","decl":{"start":{"line":63,"column":14},"end":{"line":63,"column":15}},"loc":{"start":{"line":63,"column":20},"end":{"line":93,"column":5}},"line":63},"3":{"name":"(anonymous_3)","decl":{"start":{"line":64,"column":32},"end":{"line":64,"column":33}},"loc":{"start":{"line":64,"column":44},"end":{"line":75,"column":9}},"line":64},"4":{"name":"(anonymous_4)","decl":{"start":{"line":76,"column":31},"end":{"line":76,"column":32}},"loc":{"start":{"line":76,"column":43},"end":{"line":88,"column":9}},"line":76},"5":{"name":"(anonymous_5)","decl":{"start":{"line":97,"column":25},"end":{"line":97,"column":26}},"loc":{"start":{"line":97,"column":75},"end":{"line":112,"column":5}},"line":97}},"branchMap":{"0":{"loc":{"start":{"line":56,"column":8},"end":{"line":60,"column":9}},"type":"if","locations":[{"start":{"line":56,"column":8},"end":{"line":60,"column":9}},{"start":{"line":58,"column":15},"end":{"line":60,"column":9}}],"line":56},"1":{"loc":{"start":{"line":139,"column":92},"end":{"line":139,"column":161}},"type":"cond-expr","locations":[{"start":{"line":139,"column":123},"end":{"line":139,"column":135}},{"start":{"line":139,"column":138},"end":{"line":139,"column":161}}],"line":139},"2":{"loc":{"start":{"line":140,"column":30},"end":{"line":140,"column":86}},"type":"cond-expr","locations":[{"start":{"line":140,"column":61},"end":{"line":140,"column":72}},{"start":{"line":140,"column":75},"end":{"line":140,"column":86}}],"line":140},"3":{"loc":{"start":{"line":140,"column":94},"end":{"line":140,"column":155}},"type":"cond-expr","locations":[{"start":{"line":140,"column":125},"end":{"line":140,"column":138}},{"start":{"line":140,"column":141},"end":{"line":140,"column":155}}],"line":140}},"s":{"0":2,"1":2,"2":2,"3":2,"4":14,"5":13,"6":13,"7":13,"8":13,"9":13,"10":13,"11":4,"12":4,"13":2,"14":2,"15":13,"16":10,"17":10,"18":10,"19":9,"20":9,"21":1,"22":10,"23":10,"24":10,"25":10,"26":9,"27":1,"28":1,"29":10,"30":10,"31":10,"32":10,"33":13,"34":13,"35":13,"36":39,"37":13},"f":{"0":14,"1":4,"2":10,"3":10,"4":10,"5":39},"b":{"0":[2,2],"1":[10,3],"2":[10,3],"3":[10,3]},"_coverageSchema":"1a1c01bbd47fc00a2c39e90264f33305004495a9","hash":"59d5de5e3933faeb2d0350275c29c3cedddb0d8b"}
,"/home/ayusg/LDP/REACT/seeder-react/src/components/Templates/Home/Home.tsx": {"path":"/home/ayusg/LDP/REACT/seeder-react/src/components/Templates/Home/Home.tsx","statementMap":{"0":{"start":{"line":16,"column":21},"end":{"line":16,"column":77}},"1":{"start":{"line":18,"column":20},"end":{"line":55,"column":1}},"2":{"start":{"line":57,"column":21},"end":{"line":94,"column":1}},"3":{"start":{"line":96,"column":13},"end":{"line":144,"column":1}},"4":{"start":{"line":97,"column":28},"end":{"line":97,"column":40}},"5":{"start":{"line":98,"column":30},"end":{"line":98,"column":49}},"6":{"start":{"line":99,"column":34},"end":{"line":99,"column":57}},"7":{"start":{"line":101,"column":4},"end":{"line":116,"column":11}},"8":{"start":{"line":102,"column":26},"end":{"line":113,"column":9}},"9":{"start":{"line":103,"column":12},"end":{"line":111,"column":13}},"10":{"start":{"line":104,"column":33},"end":{"line":104,"column":52}},"11":{"start":{"line":105,"column":16},"end":{"line":105,"column":34}},"12":{"start":{"line":107,"column":16},"end":{"line":107,"column":32}},"13":{"start":{"line":109,"column":16},"end":{"line":109,"column":34}},"14":{"start":{"line":110,"column":16},"end":{"line":110,"column":48}},"15":{"start":{"line":112,"column":12},"end":{"line":112,"column":39}},"16":{"start":{"line":115,"column":8},"end":{"line":115,"column":20}},"17":{"start":{"line":118,"column":4},"end":{"line":143,"column":5}}},"fnMap":{"0":{"name":"(anonymous_0)","decl":{"start":{"line":96,"column":13},"end":{"line":96,"column":14}},"loc":{"start":{"line":96,"column":19},"end":{"line":144,"column":1}},"line":96},"1":{"name":"(anonymous_1)","decl":{"start":{"line":101,"column":14},"end":{"line":101,"column":15}},"loc":{"start":{"line":101,"column":20},"end":{"line":116,"column":5}},"line":101},"2":{"name":"(anonymous_2)","decl":{"start":{"line":102,"column":26},"end":{"line":102,"column":27}},"loc":{"start":{"line":102,"column":38},"end":{"line":113,"column":9}},"line":102}},"branchMap":{},"s":{"0":2,"1":2,"2":2,"3":2,"4":7,"5":5,"6":5,"7":5,"8":4,"9":4,"10":4,"11":3,"12":1,"13":4,"14":4,"15":4,"16":4,"17":5},"f":{"0":7,"1":4,"2":4},"b":{},"_coverageSchema":"1a1c01bbd47fc00a2c39e90264f33305004495a9","hash":"89282d297f5c7a12b45ee269d90aace7811162d0"}
,"/home/ayusg/LDP/REACT/seeder-react/src/components/Templates/NewCashKick/NewCashkick.tsx": {"path":"/home/ayusg/LDP/REACT/seeder-react/src/components/Templates/NewCashKick/NewCashkick.tsx","statementMap":{"0":{"start":{"line":11,"column":18},"end":{"line":19,"column":1}},"1":{"start":{"line":20,"column":26},"end":{"line":20,"column":95}},"2":{"start":{"line":21,"column":30},"end":{"line":21,"column":87}},"3":{"start":{"line":22,"column":20},"end":{"line":114,"column":1}},"4":{"start":{"line":23,"column":34},"end":{"line":23,"column":51}},"5":{"start":{"line":24,"column":54},"end":{"line":24,"column":71}},"6":{"start":{"line":25,"column":36},"end":{"line":25,"column":60}},"7":{"start":{"line":26,"column":32},"end":{"line":26,"column":56}},"8":{"start":{"line":27,"column":46},"end":{"line":27,"column":70}},"9":{"start":{"line":28,"column":30},"end":{"line":28,"column":49}},"10":{"start":{"line":30,"column":25},"end":{"line":36,"column":5}},"11":{"start":{"line":31,"column":8},"end":{"line":31,"column":26}},"12":{"start":{"line":33,"column":8},"end":{"line":35,"column":9}},"13":{"start":{"line":34,"column":12},"end":{"line":34,"column":28}},"14":{"start":{"line":38,"column":25},"end":{"line":62,"column":5}},"15":{"start":{"line":39,"column":8},"end":{"line":39,"column":27}},"16":{"start":{"line":40,"column":8},"end":{"line":61,"column":9}},"17":{"start":{"line":41,"column":12},"end":{"line":41,"column":30}},"18":{"start":{"line":43,"column":24},"end":{"line":45,"column":17}},"19":{"start":{"line":44,"column":16},"end":{"line":44,"column":50}},"20":{"start":{"line":48,"column":22},"end":{"line":57,"column":13}},"21":{"start":{"line":58,"column":12},"end":{"line":58,"column":28}},"22":{"start":{"line":59,"column":12},"end":{"line":59,"column":35}},"23":{"start":{"line":60,"column":12},"end":{"line":60,"column":31}},"24":{"start":{"line":64,"column":24},"end":{"line":73,"column":5}},"25":{"start":{"line":65,"column":8},"end":{"line":71,"column":9}},"26":{"start":{"line":66,"column":12},"end":{"line":66,"column":99}},"27":{"start":{"line":66,"column":65},"end":{"line":66,"column":97}},"28":{"start":{"line":68,"column":12},"end":{"line":70,"column":14}},"29":{"start":{"line":69,"column":16},"end":{"line":69,"column":80}},"30":{"start":{"line":69,"column":60},"end":{"line":69,"column":79}},"31":{"start":{"line":75,"column":4},"end":{"line":87,"column":11}},"32":{"start":{"line":76,"column":26},"end":{"line":84,"column":9}},"33":{"start":{"line":77,"column":12},"end":{"line":82,"column":13}},"34":{"start":{"line":78,"column":33},"end":{"line":78,"column":53}},"35":{"start":{"line":79,"column":16},"end":{"line":79,"column":37}},"36":{"start":{"line":81,"column":16},"end":{"line":81,"column":32}},"37":{"start":{"line":83,"column":12},"end":{"line":83,"column":31}},"38":{"start":{"line":86,"column":8},"end":{"line":86,"column":20}},"39":{"start":{"line":89,"column":4},"end":{"line":90,"column":61}},"40":{"start":{"line":92,"column":21},"end":{"line":92,"column":34}},"41":{"start":{"line":93,"column":19},"end":{"line":95,"column":5}},"42":{"start":{"line":94,"column":8},"end":{"line":94,"column":39}},"43":{"start":{"line":96,"column":4},"end":{"line":113,"column":5}}},"fnMap":{"0":{"name":"(anonymous_0)","decl":{"start":{"line":22,"column":20},"end":{"line":22,"column":21}},"loc":{"start":{"line":22,"column":26},"end":{"line":114,"column":1}},"line":22},"1":{"name":"(anonymous_1)","decl":{"start":{"line":30,"column":25},"end":{"line":30,"column":26}},"loc":{"start":{"line":30,"column":44},"end":{"line":36,"column":5}},"line":30},"2":{"name":"(anonymous_2)","decl":{"start":{"line":38,"column":25},"end":{"line":38,"column":26}},"loc":{"start":{"line":38,"column":52},"end":{"line":62,"column":5}},"line":38},"3":{"name":"(anonymous_3)","decl":{"start":{"line":43,"column":49},"end":{"line":43,"column":50}},"loc":{"start":{"line":43,"column":82},"end":{"line":45,"column":13}},"line":43},"4":{"name":"(anonymous_4)","decl":{"start":{"line":64,"column":24},"end":{"line":64,"column":25}},"loc":{"start":{"line":64,"column":53},"end":{"line":73,"column":5}},"line":64},"5":{"name":"(anonymous_5)","decl":{"start":{"line":66,"column":33},"end":{"line":66,"column":34}},"loc":{"start":{"line":66,"column":65},"end":{"line":66,"column":97}},"line":66},"6":{"name":"(anonymous_6)","decl":{"start":{"line":68,"column":33},"end":{"line":68,"column":34}},"loc":{"start":{"line":69,"column":16},"end":{"line":69,"column":80}},"line":69},"7":{"name":"(anonymous_7)","decl":{"start":{"line":69,"column":45},"end":{"line":69,"column":46}},"loc":{"start":{"line":69,"column":60},"end":{"line":69,"column":79}},"line":69},"8":{"name":"(anonymous_8)","decl":{"start":{"line":75,"column":14},"end":{"line":75,"column":15}},"loc":{"start":{"line":75,"column":20},"end":{"line":87,"column":5}},"line":75},"9":{"name":"(anonymous_9)","decl":{"start":{"line":76,"column":26},"end":{"line":76,"column":27}},"loc":{"start":{"line":76,"column":38},"end":{"line":84,"column":9}},"line":76},"10":{"name":"(anonymous_10)","decl":{"start":{"line":89,"column":14},"end":{"line":89,"column":15}},"loc":{"start":{"line":89,"column":20},"end":{"line":90,"column":5}},"line":89},"11":{"name":"(anonymous_11)","decl":{"start":{"line":93,"column":19},"end":{"line":93,"column":20}},"loc":{"start":{"line":93,"column":36},"end":{"line":95,"column":5}},"line":93}},"branchMap":{"0":{"loc":{"start":{"line":33,"column":8},"end":{"line":35,"column":9}},"type":"if","locations":[{"start":{"line":33,"column":8},"end":{"line":35,"column":9}},{"start":{},"end":{}}],"line":33},"1":{"loc":{"start":{"line":40,"column":8},"end":{"line":61,"column":9}},"type":"if","locations":[{"start":{"line":40,"column":8},"end":{"line":61,"column":9}},{"start":{"line":42,"column":15},"end":{"line":61,"column":9}}],"line":40},"2":{"loc":{"start":{"line":65,"column":8},"end":{"line":71,"column":9}},"type":"if","locations":[{"start":{"line":65,"column":8},"end":{"line":71,"column":9}},{"start":{"line":67,"column":15},"end":{"line":71,"column":9}}],"line":65},"3":{"loc":{"start":{"line":105,"column":83},"end":{"line":105,"column":125}},"type":"cond-expr","locations":[{"start":{"line":105,"column":94},"end":{"line":105,"column":110}},{"start":{"line":105,"column":113},"end":{"line":105,"column":125}}],"line":105},"4":{"loc":{"start":{"line":105,"column":133},"end":{"line":105,"column":171}},"type":"cond-expr","locations":[{"start":{"line":105,"column":144},"end":{"line":105,"column":161}},{"start":{"line":105,"column":164},"end":{"line":105,"column":171}}],"line":105}},"s":{"0":2,"1":2,"2":2,"3":2,"4":11,"5":10,"6":10,"7":10,"8":10,"9":10,"10":10,"11":0,"12":0,"13":0,"14":10,"15":0,"16":0,"17":0,"18":0,"19":0,"20":0,"21":0,"22":0,"23":0,"24":10,"25":0,"26":0,"27":0,"28":0,"29":0,"30":0,"31":10,"32":10,"33":10,"34":10,"35":9,"36":1,"37":10,"38":10,"39":10,"40":10,"41":10,"42":0,"43":10},"f":{"0":11,"1":0,"2":0,"3":0,"4":0,"5":0,"6":0,"7":0,"8":10,"9":10,"10":10,"11":0},"b":{"0":[0,0],"1":[0,0],"2":[0,0],"3":[0,10],"4":[0,10]},"_coverageSchema":"1a1c01bbd47fc00a2c39e90264f33305004495a9","hash":"ad4accac2fbc2ab26ec08ab8ad606aae38d7d282"}
,"/home/ayusg/LDP/REACT/seeder-react/src/components/atoms/ButtonComp/ButtonComp.tsx": {"path":"/home/ayusg/LDP/REACT/seeder-react/src/components/atoms/ButtonComp/ButtonComp.tsx","statementMap":{"0":{"start":{"line":19,"column":26},"end":{"line":38,"column":1}},"1":{"start":{"line":21,"column":21},"end":{"line":25,"column":3}},"2":{"start":{"line":22,"column":4},"end":{"line":24,"column":5}},"3":{"start":{"line":23,"column":6},"end":{"line":23,"column":37}},"4":{"start":{"line":27,"column":2},"end":{"line":37,"column":3}}},"fnMap":{"0":{"name":"(anonymous_0)","decl":{"start":{"line":19,"column":26},"end":{"line":19,"column":27}},"loc":{"start":{"line":19,"column":50},"end":{"line":38,"column":1}},"line":19},"1":{"name":"(anonymous_1)","decl":{"start":{"line":21,"column":21},"end":{"line":21,"column":22}},"loc":{"start":{"line":21,"column":27},"end":{"line":25,"column":3}},"line":21}},"branchMap":{"0":{"loc":{"start":{"line":22,"column":4},"end":{"line":24,"column":5}},"type":"if","locations":[{"start":{"line":22,"column":4},"end":{"line":24,"column":5}},{"start":{},"end":{}}],"line":22},"1":{"loc":{"start":{"line":30,"column":48},"end":{"line":30,"column":204}},"type":"cond-expr","locations":[{"start":{"line":30,"column":68},"end":{"line":30,"column":197}},{"start":{"line":30,"column":200},"end":{"line":30,"column":204}}],"line":30},"2":{"loc":{"start":{"line":30,"column":216},"end":{"line":30,"column":251}},"type":"cond-expr","locations":[{"start":{"line":30,"column":231},"end":{"line":30,"column":243}},{"start":{"line":30,"column":246},"end":{"line":30,"column":251}}],"line":30},"3":{"loc":{"start":{"line":31,"column":39},"end":{"line":31,"column":68}},"type":"cond-expr","locations":[{"start":{"line":31,"column":54},"end":{"line":31,"column":63}},{"start":{"line":31,"column":66},"end":{"line":31,"column":68}}],"line":31}},"s":{"0":11,"1":214,"2":18,"3":16,"4":214},"f":{"0":214,"1":18},"b":{"0":[16,2],"1":[31,183],"2":[28,186],"3":[28,186]},"_coverageSchema":"1a1c01bbd47fc00a2c39e90264f33305004495a9","hash":"e46eb6708424ecda7e1ead9d3e70b05ee1b0311b"}
,"/home/ayusg/LDP/REACT/seeder-react/src/components/atoms/CheckboxComp/CheckboxComp.tsx": {"path":"/home/ayusg/LDP/REACT/seeder-react/src/components/atoms/CheckboxComp/CheckboxComp.tsx","statementMap":{"0":{"start":{"line":5,"column":21},"end":{"line":40,"column":1}},"1":{"start":{"line":6,"column":21},"end":{"line":6,"column":26}},"2":{"start":{"line":7,"column":19},"end":{"line":25,"column":5}},"3":{"start":{"line":27,"column":34},"end":{"line":27,"column":65}},"4":{"start":{"line":28,"column":27},"end":{"line":28,"column":55}},"5":{"start":{"line":29,"column":25},"end":{"line":32,"column":5}},"6":{"start":{"line":30,"column":8},"end":{"line":30,"column":42}},"7":{"start":{"line":31,"column":8},"end":{"line":31,"column":45}},"8":{"start":{"line":34,"column":4},"end":{"line":39,"column":5}}},"fnMap":{"0":{"name":"(anonymous_0)","decl":{"start":{"line":5,"column":21},"end":{"line":5,"column":22}},"loc":{"start":{"line":5,"column":37},"end":{"line":40,"column":1}},"line":5},"1":{"name":"(anonymous_1)","decl":{"start":{"line":29,"column":25},"end":{"line":29,"column":26}},"loc":{"start":{"line":29,"column":43},"end":{"line":32,"column":5}},"line":29}},"branchMap":{"0":{"loc":{"start":{"line":10,"column":24},"end":{"line":10,"column":52}},"type":"cond-expr","locations":[{"start":{"line":10,"column":41},"end":{"line":10,"column":47}},{"start":{"line":10,"column":50},"end":{"line":10,"column":52}}],"line":10},"1":{"loc":{"start":{"line":11,"column":21},"end":{"line":11,"column":49}},"type":"cond-expr","locations":[{"start":{"line":11,"column":38},"end":{"line":11,"column":44}},{"start":{"line":11,"column":47},"end":{"line":11,"column":49}}],"line":11},"2":{"loc":{"start":{"line":12,"column":23},"end":{"line":12,"column":50}},"type":"cond-expr","locations":[{"start":{"line":12,"column":40},"end":{"line":12,"column":45}},{"start":{"line":12,"column":48},"end":{"line":12,"column":50}}],"line":12},"3":{"loc":{"start":{"line":27,"column":43},"end":{"line":27,"column":64}},"type":"cond-expr","locations":[{"start":{"line":27,"column":51},"end":{"line":27,"column":56}},{"start":{"line":27,"column":59},"end":{"line":27,"column":64}}],"line":27}},"s":{"0":6,"1":15,"2":15,"3":15,"4":15,"5":15,"6":1,"7":1,"8":15},"f":{"0":15,"1":1},"b":{"0":[14,1],"1":[14,1],"2":[14,1],"3":[1,14]},"_coverageSchema":"1a1c01bbd47fc00a2c39e90264f33305004495a9","hash":"f8dd96dbbf95f9573e74e974b64f999628f21811"}
,"/home/ayusg/LDP/REACT/seeder-react/src/components/atoms/Image/Image.tsx": {"path":"/home/ayusg/LDP/REACT/seeder-react/src/components/atoms/Image/Image.tsx","statementMap":{"0":{"start":{"line":3,"column":14},"end":{"line":9,"column":1}},"1":{"start":{"line":4,"column":2},"end":{"line":8,"column":3}}},"fnMap":{"0":{"name":"(anonymous_0)","decl":{"start":{"line":3,"column":14},"end":{"line":3,"column":15}},"loc":{"start":{"line":3,"column":48},"end":{"line":9,"column":1}},"line":3}},"branchMap":{},"s":{"0":14,"1":256},"f":{"0":256},"b":{},"_coverageSchema":"1a1c01bbd47fc00a2c39e90264f33305004495a9","hash":"e739bf4c1643d2209b603a60d4af9d96b15a39ad"}
,"/home/ayusg/LDP/REACT/seeder-react/src/components/atoms/InputComp/InputComp.tsx": {"path":"/home/ayusg/LDP/REACT/seeder-react/src/components/atoms/InputComp/InputComp.tsx","statementMap":{"0":{"start":{"line":10,"column":24},"end":{"line":15,"column":1}},"1":{"start":{"line":17,"column":18},"end":{"line":54,"column":1}},"2":{"start":{"line":19,"column":40},"end":{"line":19,"column":57}},"3":{"start":{"line":20,"column":26},"end":{"line":22,"column":5}},"4":{"start":{"line":21,"column":8},"end":{"line":21,"column":42}},"5":{"start":{"line":24,"column":4},"end":{"line":31,"column":20}},"6":{"start":{"line":25,"column":24},"end":{"line":29,"column":9}},"7":{"start":{"line":26,"column":29},"end":{"line":26,"column":39}},"8":{"start":{"line":27,"column":12},"end":{"line":27,"column":36}},"9":{"start":{"line":28,"column":12},"end":{"line":28,"column":34}},"10":{"start":{"line":30,"column":8},"end":{"line":30,"column":18}},"11":{"start":{"line":33,"column":4},"end":{"line":53,"column":5}}},"fnMap":{"0":{"name":"(anonymous_0)","decl":{"start":{"line":17,"column":18},"end":{"line":17,"column":19}},"loc":{"start":{"line":17,"column":117},"end":{"line":54,"column":1}},"line":17},"1":{"name":"(anonymous_1)","decl":{"start":{"line":20,"column":26},"end":{"line":20,"column":27}},"loc":{"start":{"line":20,"column":42},"end":{"line":22,"column":5}},"line":20},"2":{"name":"(anonymous_2)","decl":{"start":{"line":24,"column":14},"end":{"line":24,"column":15}},"loc":{"start":{"line":24,"column":20},"end":{"line":31,"column":5}},"line":24},"3":{"name":"(anonymous_3)","decl":{"start":{"line":25,"column":24},"end":{"line":25,"column":25}},"loc":{"start":{"line":25,"column":30},"end":{"line":29,"column":9}},"line":25}},"branchMap":{"0":{"loc":{"start":{"line":42,"column":21},"end":{"line":44,"column":42}},"type":"cond-expr","locations":[{"start":{"line":42,"column":40},"end":{"line":44,"column":37}},{"start":{"line":44,"column":40},"end":{"line":44,"column":42}}],"line":42},"1":{"loc":{"start":{"line":47,"column":21},"end":{"line":49,"column":42}},"type":"cond-expr","locations":[{"start":{"line":47,"column":38},"end":{"line":49,"column":37}},{"start":{"line":49,"column":40},"end":{"line":49,"column":42}}],"line":47}},"s":{"0":4,"1":4,"2":40,"3":40,"4":1,"5":40,"6":22,"7":22,"8":22,"9":22,"10":22,"11":40},"f":{"0":40,"1":1,"2":22,"3":22},"b":{"0":[5,35],"1":[5,35]},"_coverageSchema":"1a1c01bbd47fc00a2c39e90264f33305004495a9","hash":"fbba97b70fbfc4c4c249ba233c4f375fdb3dcbf2"}
,"/home/ayusg/LDP/REACT/seeder-react/src/components/atoms/SliderComp/SliderComp.tsx": {"path":"/home/ayusg/LDP/REACT/seeder-react/src/components/atoms/SliderComp/SliderComp.tsx","statementMap":{"0":{"start":{"line":5,"column":2},"end":{"line":5,"column":22}},"1":{"start":{"line":8,"column":18},"end":{"line":22,"column":2}},"2":{"start":{"line":23,"column":19},"end":{"line":57,"column":1}},"3":{"start":{"line":24,"column":18},"end":{"line":24,"column":29}},"4":{"start":{"line":25,"column":28},"end":{"line":25,"column":79}},"5":{"start":{"line":27,"column":23},"end":{"line":29,"column":3}},"6":{"start":{"line":28,"column":4},"end":{"line":28,"column":23}},"7":{"start":{"line":31,"column":2},"end":{"line":33,"column":14}},"8":{"start":{"line":32,"column":4},"end":{"line":32,"column":31}},"9":{"start":{"line":35,"column":22},"end":{"line":38,"column":3}},"10":{"start":{"line":39,"column":2},"end":{"line":56,"column":3}}},"fnMap":{"0":{"name":"valuetext","decl":{"start":{"line":4,"column":9},"end":{"line":4,"column":18}},"loc":{"start":{"line":4,"column":34},"end":{"line":6,"column":1}},"line":4},"1":{"name":"(anonymous_1)","decl":{"start":{"line":23,"column":19},"end":{"line":23,"column":20}},"loc":{"start":{"line":23,"column":35},"end":{"line":57,"column":1}},"line":23},"2":{"name":"(anonymous_2)","decl":{"start":{"line":27,"column":23},"end":{"line":27,"column":24}},"loc":{"start":{"line":27,"column":54},"end":{"line":29,"column":3}},"line":27},"3":{"name":"(anonymous_3)","decl":{"start":{"line":31,"column":12},"end":{"line":31,"column":13}},"loc":{"start":{"line":31,"column":18},"end":{"line":33,"column":3}},"line":31}},"branchMap":{"0":{"loc":{"start":{"line":25,"column":37},"end":{"line":25,"column":78}},"type":"cond-expr","locations":[{"start":{"line":25,"column":57},"end":{"line":25,"column":74}},{"start":{"line":25,"column":77},"end":{"line":25,"column":78}}],"line":25}},"s":{"0":52,"1":4,"2":4,"3":53,"4":53,"5":53,"6":1,"7":53,"8":34,"9":53,"10":53},"f":{"0":52,"1":53,"2":1,"3":34},"b":{"0":[13,40]},"_coverageSchema":"1a1c01bbd47fc00a2c39e90264f33305004495a9","hash":"8da18681f35c56bd473c09258aaa25f40ffd4085"}
,"/home/ayusg/LDP/REACT/seeder-react/src/components/atoms/TypographyComp/TypographyComp.tsx": {"path":"/home/ayusg/LDP/REACT/seeder-react/src/components/atoms/TypographyComp/TypographyComp.tsx","statementMap":{"0":{"start":{"line":11,"column":23},"end":{"line":21,"column":1}},"1":{"start":{"line":12,"column":4},"end":{"line":20,"column":5}}},"fnMap":{"0":{"name":"(anonymous_0)","decl":{"start":{"line":11,"column":23},"end":{"line":11,"column":24}},"loc":{"start":{"line":11,"column":55},"end":{"line":21,"column":1}},"line":11}},"branchMap":{},"s":{"0":15,"1":1048},"f":{"0":1048},"b":{},"_coverageSchema":"1a1c01bbd47fc00a2c39e90264f33305004495a9","hash":"a8531b550033ee13e0bfa3d76068fb718a120a4c"}
,"/home/ayusg/LDP/REACT/seeder-react/src/components/molecules/Card/Card.tsx": {"path":"/home/ayusg/LDP/REACT/seeder-react/src/components/molecules/Card/Card.tsx","statementMap":{"0":{"start":{"line":4,"column":13},"end":{"line":19,"column":1}},"1":{"start":{"line":5,"column":22},"end":{"line":12,"column":5}},"2":{"start":{"line":14,"column":4},"end":{"line":18,"column":5}},"3":{"start":{"line":21,"column":0},"end":{"line":29,"column":2}}},"fnMap":{"0":{"name":"(anonymous_0)","decl":{"start":{"line":4,"column":13},"end":{"line":4,"column":14}},"loc":{"start":{"line":4,"column":100},"end":{"line":19,"column":1}},"line":4}},"branchMap":{},"s":{"0":9,"1":57,"2":57,"3":9},"f":{"0":57},"b":{},"_coverageSchema":"1a1c01bbd47fc00a2c39e90264f33305004495a9","hash":"72d659a3de59d9e8daf6544c97780064c427cf85"}
,"/home/ayusg/LDP/REACT/seeder-react/src/components/molecules/IconText/IconText.tsx": {"path":"/home/ayusg/LDP/REACT/seeder-react/src/components/molecules/IconText/IconText.tsx","statementMap":{"0":{"start":{"line":6,"column":17},"end":{"line":28,"column":1}},"1":{"start":{"line":8,"column":28},"end":{"line":10,"column":5}},"2":{"start":{"line":9,"column":8},"end":{"line":9,"column":44}},"3":{"start":{"line":9,"column":25},"end":{"line":9,"column":44}},"4":{"start":{"line":12,"column":4},"end":{"line":27,"column":5}},"5":{"start":{"line":18,"column":16},"end":{"line":20,"column":17}},"6":{"start":{"line":19,"column":20},"end":{"line":19,"column":38}}},"fnMap":{"0":{"name":"(anonymous_0)","decl":{"start":{"line":6,"column":17},"end":{"line":6,"column":18}},"loc":{"start":{"line":6,"column":105},"end":{"line":28,"column":1}},"line":6},"1":{"name":"(anonymous_1)","decl":{"start":{"line":8,"column":28},"end":{"line":8,"column":29}},"loc":{"start":{"line":8,"column":34},"end":{"line":10,"column":5}},"line":8},"2":{"name":"(anonymous_2)","decl":{"start":{"line":17,"column":23},"end":{"line":17,"column":24}},"loc":{"start":{"line":17,"column":30},"end":{"line":21,"column":13}},"line":17}},"branchMap":{"0":{"loc":{"start":{"line":9,"column":8},"end":{"line":9,"column":44}},"type":"if","locations":[{"start":{"line":9,"column":8},"end":{"line":9,"column":44}},{"start":{},"end":{}}],"line":9},"1":{"loc":{"start":{"line":18,"column":16},"end":{"line":20,"column":17}},"type":"if","locations":[{"start":{"line":18,"column":16},"end":{"line":20,"column":17}},{"start":{},"end":{}}],"line":18},"2":{"loc":{"start":{"line":23,"column":13},"end":{"line":23,"column":83}},"type":"cond-expr","locations":[{"start":{"line":23,"column":22},"end":{"line":23,"column":78}},{"start":{"line":23,"column":81},"end":{"line":23,"column":83}}],"line":23},"3":{"loc":{"start":{"line":25,"column":13},"end":{"line":25,"column":88}},"type":"cond-expr","locations":[{"start":{"line":25,"column":23},"end":{"line":25,"column":83}},{"start":{"line":25,"column":86},"end":{"line":25,"column":88}}],"line":25}},"s":{"0":11,"1":152,"2":2,"3":1,"4":152,"5":2,"6":1},"f":{"0":152,"1":2,"2":2},"b":{"0":[1,1],"1":[1,1],"2":[31,121],"3":[126,26]},"_coverageSchema":"1a1c01bbd47fc00a2c39e90264f33305004495a9","hash":"c08947f8c68bdafc370a304ddfec8efbf662402d"}
,"/home/ayusg/LDP/REACT/seeder-react/src/components/molecules/PaymentsCard/PaymentsCard.tsx": {"path":"/home/ayusg/LDP/REACT/seeder-react/src/components/molecules/PaymentsCard/PaymentsCard.tsx","statementMap":{"0":{"start":{"line":8,"column":21},"end":{"line":27,"column":1}},"1":{"start":{"line":9,"column":4},"end":{"line":26,"column":5}}},"fnMap":{"0":{"name":"(anonymous_0)","decl":{"start":{"line":8,"column":21},"end":{"line":8,"column":22}},"loc":{"start":{"line":8,"column":79},"end":{"line":27,"column":1}},"line":8}},"branchMap":{"0":{"loc":{"start":{"line":12,"column":16},"end":{"line":14,"column":29}},"type":"cond-expr","locations":[{"start":{"line":12,"column":28},"end":{"line":14,"column":22}},{"start":{"line":14,"column":25},"end":{"line":14,"column":29}}],"line":12},"1":{"loc":{"start":{"line":17,"column":17},"end":{"line":17,"column":121}},"type":"cond-expr","locations":[{"start":{"line":17,"column":27},"end":{"line":17,"column":98}},{"start":{"line":17,"column":101},"end":{"line":17,"column":121}}],"line":17}},"s":{"0":3,"1":11},"f":{"0":11},"b":{"0":[5,6],"1":[5,6]},"_coverageSchema":"1a1c01bbd47fc00a2c39e90264f33305004495a9","hash":"03c2765f0e6425df81cf9f6db1fcc5118a2ea1f4"}
,"/home/ayusg/LDP/REACT/seeder-react/src/components/molecules/ProfileCard/ProfileCard.tsx": {"path":"/home/ayusg/LDP/REACT/seeder-react/src/components/molecules/ProfileCard/ProfileCard.tsx","statementMap":{"0":{"start":{"line":11,"column":18},"end":{"line":17,"column":1}},"1":{"start":{"line":19,"column":12},"end":{"line":34,"column":1}},"2":{"start":{"line":36,"column":12},"end":{"line":51,"column":1}},"3":{"start":{"line":53,"column":20},"end":{"line":82,"column":1}},"4":{"start":{"line":54,"column":4},"end":{"line":81,"column":5}}},"fnMap":{"0":{"name":"(anonymous_0)","decl":{"start":{"line":53,"column":20},"end":{"line":53,"column":21}},"loc":{"start":{"line":53,"column":26},"end":{"line":82,"column":1}},"line":53}},"branchMap":{},"s":{"0":1,"1":1,"2":1,"3":1,"4":1},"f":{"0":1},"b":{},"_coverageSchema":"1a1c01bbd47fc00a2c39e90264f33305004495a9","hash":"9ec63fd3abcaaa8b7990f2ba2b8bc3eb61827931"}
,"/home/ayusg/LDP/REACT/seeder-react/src/components/molecules/SideBarBox/SideBarBox.tsx": {"path":"/home/ayusg/LDP/REACT/seeder-react/src/components/molecules/SideBarBox/SideBarBox.tsx","statementMap":{"0":{"start":{"line":6,"column":19},"end":{"line":39,"column":1}},"1":{"start":{"line":8,"column":25},"end":{"line":8,"column":38}},"2":{"start":{"line":10,"column":23},"end":{"line":19,"column":6}},"3":{"start":{"line":11,"column":8},"end":{"line":17,"column":9}},"4":{"start":{"line":12,"column":12},"end":{"line":12,"column":31}},"5":{"start":{"line":13,"column":12},"end":{"line":13,"column":39}},"6":{"start":{"line":15,"column":12},"end":{"line":15,"column":32}},"7":{"start":{"line":16,"column":12},"end":{"line":16,"column":32}},"8":{"start":{"line":18,"column":8},"end":{"line":18,"column":18}},"9":{"start":{"line":22,"column":21},"end":{"line":27,"column":5}},"10":{"start":{"line":29,"column":4},"end":{"line":38,"column":5}},"11":{"start":{"line":32,"column":16},"end":{"line":35,"column":22}}},"fnMap":{"0":{"name":"(anonymous_0)","decl":{"start":{"line":6,"column":19},"end":{"line":6,"column":20}},"loc":{"start":{"line":6,"column":69},"end":{"line":39,"column":1}},"line":6},"1":{"name":"(anonymous_1)","decl":{"start":{"line":10,"column":35},"end":{"line":10,"column":36}},"loc":{"start":{"line":10,"column":48},"end":{"line":19,"column":5}},"line":10},"2":{"name":"(anonymous_2)","decl":{"start":{"line":31,"column":28},"end":{"line":31,"column":29}},"loc":{"start":{"line":32,"column":16},"end":{"line":35,"column":22}},"line":32}},"branchMap":{"0":{"loc":{"start":{"line":11,"column":8},"end":{"line":17,"column":9}},"type":"if","locations":[{"start":{"line":11,"column":8},"end":{"line":17,"column":9}},{"start":{"line":14,"column":15},"end":{"line":17,"column":9}}],"line":11},"1":{"loc":{"start":{"line":33,"column":78},"end":{"line":33,"column":122}},"type":"cond-expr","locations":[{"start":{"line":33,"column":94},"end":{"line":33,"column":110}},{"start":{"line":33,"column":113},"end":{"line":33,"column":122}}],"line":33}},"s":{"0":3,"1":7,"2":7,"3":15,"4":1,"5":1,"6":14,"7":14,"8":15,"9":7,"10":7,"11":15},"f":{"0":7,"1":15,"2":15},"b":{"0":[1,14],"1":[1,14]},"_coverageSchema":"1a1c01bbd47fc00a2c39e90264f33305004495a9","hash":"8f4b665b1564569f26e398857fc23d496342e4d9"}
,"/home/ayusg/LDP/REACT/seeder-react/src/components/organisms/CashAccelaration/CashAccelaration.tsx": {"path":"/home/ayusg/LDP/REACT/seeder-react/src/components/organisms/CashAccelaration/CashAccelaration.tsx","statementMap":{"0":{"start":{"line":7,"column":18},"end":{"line":14,"column":1}},"1":{"start":{"line":16,"column":17},"end":{"line":20,"column":1}},"2":{"start":{"line":22,"column":19},"end":{"line":31,"column":1}},"3":{"start":{"line":33,"column":25},"end":{"line":52,"column":1}},"4":{"start":{"line":34,"column":4},"end":{"line":51,"column":5}},"5":{"start":{"line":37,"column":16},"end":{"line":47,"column":22}}},"fnMap":{"0":{"name":"(anonymous_0)","decl":{"start":{"line":33,"column":25},"end":{"line":33,"column":26}},"loc":{"start":{"line":33,"column":75},"end":{"line":52,"column":1}},"line":33},"1":{"name":"(anonymous_1)","decl":{"start":{"line":36,"column":22},"end":{"line":36,"column":23}},"loc":{"start":{"line":37,"column":16},"end":{"line":47,"column":22}},"line":37}},"branchMap":{},"s":{"0":1,"1":1,"2":1,"3":1,"4":1,"5":2},"f":{"0":1,"1":2},"b":{},"_coverageSchema":"1a1c01bbd47fc00a2c39e90264f33305004495a9","hash":"b1d7877c7ed78c10ae2029535b4fd1a280a2c7ef"}
,"/home/ayusg/LDP/REACT/seeder-react/src/components/organisms/DialogComp/DialogComp.tsx": {"path":"/home/ayusg/LDP/REACT/seeder-react/src/components/organisms/DialogComp/DialogComp.tsx","statementMap":{"0":{"start":{"line":9,"column":23},"end":{"line":19,"column":1}},"1":{"start":{"line":21,"column":19},"end":{"line":91,"column":1}},"2":{"start":{"line":22,"column":28},"end":{"line":22,"column":42}},"3":{"start":{"line":23,"column":40},"end":{"line":23,"column":59}},"4":{"start":{"line":25,"column":24},"end":{"line":28,"column":5}},"5":{"start":{"line":26,"column":8},"end":{"line":26,"column":23}},"6":{"start":{"line":27,"column":8},"end":{"line":27,"column":36}},"7":{"start":{"line":30,"column":21},"end":{"line":32,"column":5}},"8":{"start":{"line":31,"column":8},"end":{"line":31,"column":46}},"9":{"start":{"line":34,"column":26},"end":{"line":36,"column":5}},"10":{"start":{"line":35,"column":8},"end":{"line":35,"column":29}},"11":{"start":{"line":38,"column":4},"end":{"line":40,"column":27}},"12":{"start":{"line":39,"column":8},"end":{"line":39,"column":29}},"13":{"start":{"line":42,"column":24},"end":{"line":51,"column":5}},"14":{"start":{"line":43,"column":8},"end":{"line":50,"column":9}},"15":{"start":{"line":53,"column":22},"end":{"line":62,"column":5}},"16":{"start":{"line":54,"column":8},"end":{"line":61,"column":9}},"17":{"start":{"line":64,"column":4},"end":{"line":90,"column":5}},"18":{"start":{"line":71,"column":20},"end":{"line":71,"column":43}},"19":{"start":{"line":72,"column":20},"end":{"line":72,"column":34}}},"fnMap":{"0":{"name":"(anonymous_0)","decl":{"start":{"line":21,"column":19},"end":{"line":21,"column":20}},"loc":{"start":{"line":21,"column":35},"end":{"line":91,"column":1}},"line":21},"1":{"name":"(anonymous_1)","decl":{"start":{"line":25,"column":24},"end":{"line":25,"column":25}},"loc":{"start":{"line":25,"column":30},"end":{"line":28,"column":5}},"line":25},"2":{"name":"(anonymous_2)","decl":{"start":{"line":30,"column":21},"end":{"line":30,"column":22}},"loc":{"start":{"line":30,"column":35},"end":{"line":32,"column":5}},"line":30},"3":{"name":"(anonymous_3)","decl":{"start":{"line":34,"column":26},"end":{"line":34,"column":27}},"loc":{"start":{"line":34,"column":42},"end":{"line":36,"column":5}},"line":34},"4":{"name":"(anonymous_4)","decl":{"start":{"line":38,"column":14},"end":{"line":38,"column":15}},"loc":{"start":{"line":38,"column":20},"end":{"line":40,"column":5}},"line":38},"5":{"name":"(anonymous_5)","decl":{"start":{"line":42,"column":24},"end":{"line":42,"column":25}},"loc":{"start":{"line":42,"column":30},"end":{"line":51,"column":5}},"line":42},"6":{"name":"(anonymous_6)","decl":{"start":{"line":53,"column":22},"end":{"line":53,"column":23}},"loc":{"start":{"line":53,"column":28},"end":{"line":62,"column":5}},"line":53},"7":{"name":"(anonymous_7)","decl":{"start":{"line":70,"column":26},"end":{"line":70,"column":27}},"loc":{"start":{"line":70,"column":71},"end":{"line":73,"column":17}},"line":70}},"branchMap":{"0":{"loc":{"start":{"line":78,"column":54},"end":{"line":78,"column":128}},"type":"cond-expr","locations":[{"start":{"line":78,"column":72},"end":{"line":78,"column":106}},{"start":{"line":78,"column":107},"end":{"line":78,"column":128}}],"line":78},"1":{"loc":{"start":{"line":79,"column":54},"end":{"line":79,"column":147}},"type":"cond-expr","locations":[{"start":{"line":79,"column":72},"end":{"line":79,"column":106}},{"start":{"line":79,"column":108},"end":{"line":79,"column":147}}],"line":79},"2":{"loc":{"start":{"line":83,"column":17},"end":{"line":83,"column":63}},"type":"cond-expr","locations":[{"start":{"line":83,"column":36},"end":{"line":83,"column":47}},{"start":{"line":83,"column":50},"end":{"line":83,"column":63}}],"line":83},"3":{"loc":{"start":{"line":87,"column":58},"end":{"line":87,"column":114}},"type":"cond-expr","locations":[{"start":{"line":87,"column":76},"end":{"line":87,"column":93}},{"start":{"line":87,"column":96},"end":{"line":87,"column":114}}],"line":87}},"s":{"0":3,"1":3,"2":50,"3":50,"4":50,"5":1,"6":1,"7":50,"8":3,"9":50,"10":16,"11":50,"12":33,"13":50,"14":1,"15":50,"16":49,"17":50,"18":1,"19":1},"f":{"0":50,"1":1,"2":3,"3":16,"4":33,"5":1,"6":49,"7":1},"b":{"0":[1,49],"1":[1,49],"2":[49,1],"3":[1,49]},"_coverageSchema":"1a1c01bbd47fc00a2c39e90264f33305004495a9","hash":"f377d75d33d708ec3f5879ddfe58753189ad852c"}
,"/home/ayusg/LDP/REACT/seeder-react/src/components/organisms/Header/Header.tsx": {"path":"/home/ayusg/LDP/REACT/seeder-react/src/components/organisms/Header/Header.tsx","statementMap":{"0":{"start":{"line":8,"column":15},"end":{"line":25,"column":1}},"1":{"start":{"line":9,"column":4},"end":{"line":24,"column":5}}},"fnMap":{"0":{"name":"(anonymous_0)","decl":{"start":{"line":8,"column":15},"end":{"line":8,"column":16}},"loc":{"start":{"line":8,"column":21},"end":{"line":25,"column":1}},"line":8}},"branchMap":{},"s":{"0":2,"1":7},"f":{"0":7},"b":{},"_coverageSchema":"1a1c01bbd47fc00a2c39e90264f33305004495a9","hash":"8544f3bc6125e7311456178e8b233c5aa430f4bd"}
,"/home/ayusg/LDP/REACT/seeder-react/src/components/organisms/NavBar/NavBar.tsx": {"path":"/home/ayusg/LDP/REACT/seeder-react/src/components/organisms/NavBar/NavBar.tsx","statementMap":{"0":{"start":{"line":10,"column":19},"end":{"line":13,"column":1}},"1":{"start":{"line":15,"column":20},"end":{"line":32,"column":1}},"2":{"start":{"line":33,"column":15},"end":{"line":48,"column":1}},"3":{"start":{"line":50,"column":15},"end":{"line":62,"column":1}},"4":{"start":{"line":51,"column":4},"end":{"line":61,"column":5}}},"fnMap":{"0":{"name":"(anonymous_0)","decl":{"start":{"line":50,"column":15},"end":{"line":50,"column":16}},"loc":{"start":{"line":50,"column":39},"end":{"line":62,"column":1}},"line":50}},"branchMap":{},"s":{"0":2,"1":2,"2":2,"3":2,"4":6},"f":{"0":6},"b":{},"_coverageSchema":"1a1c01bbd47fc00a2c39e90264f33305004495a9","hash":"c834757dd4eeb4cbcbe0f48e389073d5784006f7"}
,"/home/ayusg/LDP/REACT/seeder-react/src/components/organisms/QuickAccess/QuickAccess.tsx": {"path":"/home/ayusg/LDP/REACT/seeder-react/src/components/organisms/QuickAccess/QuickAccess.tsx","statementMap":{"0":{"start":{"line":7,"column":13},"end":{"line":12,"column":1}},"1":{"start":{"line":14,"column":16},"end":{"line":17,"column":1}},"2":{"start":{"line":19,"column":22},"end":{"line":24,"column":1}},"3":{"start":{"line":28,"column":20},"end":{"line":51,"column":1}},"4":{"start":{"line":30,"column":21},"end":{"line":30,"column":34}},"5":{"start":{"line":31,"column":26},"end":{"line":33,"column":5}},"6":{"start":{"line":32,"column":8},"end":{"line":32,"column":33}},"7":{"start":{"line":35,"column":4},"end":{"line":50,"column":5}}},"fnMap":{"0":{"name":"(anonymous_0)","decl":{"start":{"line":28,"column":20},"end":{"line":28,"column":21}},"loc":{"start":{"line":28,"column":26},"end":{"line":51,"column":1}},"line":28},"1":{"name":"(anonymous_1)","decl":{"start":{"line":31,"column":26},"end":{"line":31,"column":27}},"loc":{"start":{"line":31,"column":43},"end":{"line":33,"column":5}},"line":31}},"branchMap":{},"s":{"0":4,"1":4,"2":4,"3":4,"4":20,"5":20,"6":2,"7":20},"f":{"0":20,"1":2},"b":{},"_coverageSchema":"1a1c01bbd47fc00a2c39e90264f33305004495a9","hash":"4b8e928235783cf3a8682f3a03e18e37b7740bd4"}
,"/home/ayusg/LDP/REACT/seeder-react/src/components/organisms/SummaryCard/SummaryCard.tsx": {"path":"/home/ayusg/LDP/REACT/seeder-react/src/components/organisms/SummaryCard/SummaryCard.tsx","statementMap":{"0":{"start":{"line":11,"column":16},"end":{"line":27,"column":1}},"1":{"start":{"line":30,"column":18},"end":{"line":35,"column":1}},"2":{"start":{"line":37,"column":16},"end":{"line":46,"column":1}},"3":{"start":{"line":38,"column":4},"end":{"line":45,"column":11}},"4":{"start":{"line":48,"column":20},"end":{"line":125,"column":1}},"5":{"start":{"line":49,"column":32},"end":{"line":51,"column":5}},"6":{"start":{"line":50,"column":8},"end":{"line":50,"column":43}},"7":{"start":{"line":53,"column":30},"end":{"line":53,"column":49}},"8":{"start":{"line":54,"column":35},"end":{"line":54,"column":51}},"9":{"start":{"line":56,"column":4},"end":{"line":70,"column":16}},"10":{"start":{"line":57,"column":38},"end":{"line":57,"column":43}},"11":{"start":{"line":58,"column":31},"end":{"line":65,"column":9}},"12":{"start":{"line":59,"column":24},"end":{"line":61,"column":17}},"13":{"start":{"line":60,"column":16},"end":{"line":60,"column":50}},"14":{"start":{"line":62,"column":12},"end":{"line":62,"column":26}},"15":{"start":{"line":63,"column":25},"end":{"line":63,"column":52}},"16":{"start":{"line":64,"column":12},"end":{"line":64,"column":29}},"17":{"start":{"line":68,"column":8},"end":{"line":68,"column":25}},"18":{"start":{"line":72,"column":4},"end":{"line":124,"column":5}}},"fnMap":{"0":{"name":"(anonymous_0)","decl":{"start":{"line":37,"column":16},"end":{"line":37,"column":17}},"loc":{"start":{"line":38,"column":4},"end":{"line":45,"column":11}},"line":38},"1":{"name":"(anonymous_1)","decl":{"start":{"line":48,"column":20},"end":{"line":48,"column":21}},"loc":{"start":{"line":48,"column":36},"end":{"line":125,"column":1}},"line":48},"2":{"name":"(anonymous_2)","decl":{"start":{"line":49,"column":32},"end":{"line":49,"column":33}},"loc":{"start":{"line":49,"column":66},"end":{"line":51,"column":5}},"line":49},"3":{"name":"(anonymous_3)","decl":{"start":{"line":56,"column":14},"end":{"line":56,"column":15}},"loc":{"start":{"line":56,"column":20},"end":{"line":70,"column":5}},"line":56},"4":{"name":"(anonymous_4)","decl":{"start":{"line":58,"column":31},"end":{"line":58,"column":32}},"loc":{"start":{"line":58,"column":37},"end":{"line":65,"column":9}},"line":58},"5":{"name":"(anonymous_5)","decl":{"start":{"line":59,"column":49},"end":{"line":59,"column":50}},"loc":{"start":{"line":59,"column":82},"end":{"line":61,"column":13}},"line":59}},"branchMap":{"0":{"loc":{"start":{"line":83,"column":63},"end":{"line":83,"column":135}},"type":"cond-expr","locations":[{"start":{"line":83,"column":97},"end":{"line":83,"column":129}},{"start":{"line":83,"column":132},"end":{"line":83,"column":135}}],"line":83},"1":{"loc":{"start":{"line":117,"column":139},"end":{"line":117,"column":197}},"type":"cond-expr","locations":[{"start":{"line":117,"column":156},"end":{"line":117,"column":176}},{"start":{"line":117,"column":179},"end":{"line":117,"column":197}}],"line":117}},"s":{"0":3,"1":3,"2":3,"3":160,"4":3,"5":32,"6":16,"7":32,"8":32,"9":32,"10":16,"11":16,"12":16,"13":15,"14":16,"15":16,"16":16,"17":16,"18":32},"f":{"0":160,"1":32,"2":16,"3":16,"4":16,"5":15},"b":{"0":[10,22],"1":[2,30]},"_coverageSchema":"1a1c01bbd47fc00a2c39e90264f33305004495a9","hash":"5221cb087f847697c3b357728a5f00b0c8a1fa70"}
,"/home/ayusg/LDP/REACT/seeder-react/src/components/organisms/TableComp/TableComp.tsx": {"path":"/home/ayusg/LDP/REACT/seeder-react/src/components/organisms/TableComp/TableComp.tsx","statementMap":{"0":{"start":{"line":21,"column":20},"end":{"line":36,"column":1}},"1":{"start":{"line":38,"column":21},"end":{"line":53,"column":1}},"2":{"start":{"line":56,"column":37},"end":{"line":60,"column":1}},"3":{"start":{"line":57,"column":4},"end":{"line":59,"column":5}},"4":{"start":{"line":64,"column":18},"end":{"line":296,"column":1}},"5":{"start":{"line":65,"column":29},"end":{"line":65,"column":39}},"6":{"start":{"line":66,"column":30},"end":{"line":99,"column":5}},"7":{"start":{"line":67,"column":8},"end":{"line":77,"column":9}},"8":{"start":{"line":68,"column":12},"end":{"line":76,"column":14}},"9":{"start":{"line":79,"column":8},"end":{"line":83,"column":9}},"10":{"start":{"line":80,"column":12},"end":{"line":82,"column":13}},"11":{"start":{"line":84,"column":8},"end":{"line":88,"column":9}},"12":{"start":{"line":85,"column":12},"end":{"line":87,"column":13}},"13":{"start":{"line":89,"column":8},"end":{"line":93,"column":9}},"14":{"start":{"line":90,"column":12},"end":{"line":92,"column":13}},"15":{"start":{"line":94,"column":8},"end":{"line":98,"column":9}},"16":{"start":{"line":95,"column":12},"end":{"line":97,"column":13}},"17":{"start":{"line":104,"column":23},"end":{"line":135,"column":5}},"18":{"start":{"line":105,"column":8},"end":{"line":134,"column":9}},"19":{"start":{"line":108,"column":20},"end":{"line":131,"column":31}},"20":{"start":{"line":137,"column":27},"end":{"line":166,"column":5}},"21":{"start":{"line":138,"column":8},"end":{"line":165,"column":9}},"22":{"start":{"line":141,"column":20},"end":{"line":162,"column":31}},"23":{"start":{"line":168,"column":33},"end":{"line":214,"column":5}},"24":{"start":{"line":170,"column":28},"end":{"line":179,"column":9}},"25":{"start":{"line":172,"column":12},"end":{"line":172,"column":106}},"26":{"start":{"line":173,"column":28},"end":{"line":178,"column":14}},"27":{"start":{"line":174,"column":16},"end":{"line":176,"column":17}},"28":{"start":{"line":175,"column":20},"end":{"line":175,"column":44}},"29":{"start":{"line":177,"column":16},"end":{"line":177,"column":26}},"30":{"start":{"line":181,"column":8},"end":{"line":213,"column":9}},"31":{"start":{"line":184,"column":20},"end":{"line":210,"column":31}},"32":{"start":{"line":189,"column":93},"end":{"line":189,"column":178}},"33":{"start":{"line":217,"column":32},"end":{"line":248,"column":5}},"34":{"start":{"line":218,"column":8},"end":{"line":247,"column":9}},"35":{"start":{"line":221,"column":20},"end":{"line":244,"column":31}},"36":{"start":{"line":256,"column":4},"end":{"line":295,"column":5}},"37":{"start":{"line":264,"column":53},"end":{"line":264,"column":79}},"38":{"start":{"line":266,"column":57},"end":{"line":266,"column":82}},"39":{"start":{"line":274,"column":32},"end":{"line":285,"column":49}}},"fnMap":{"0":{"name":"(anonymous_0)","decl":{"start":{"line":56,"column":37},"end":{"line":56,"column":38}},"loc":{"start":{"line":56,"column":68},"end":{"line":60,"column":1}},"line":56},"1":{"name":"(anonymous_1)","decl":{"start":{"line":64,"column":18},"end":{"line":64,"column":19}},"loc":{"start":{"line":64,"column":138},"end":{"line":296,"column":1}},"line":64},"2":{"name":"(anonymous_2)","decl":{"start":{"line":66,"column":30},"end":{"line":66,"column":31}},"loc":{"start":{"line":66,"column":158},"end":{"line":99,"column":5}},"line":66},"3":{"name":"(anonymous_3)","decl":{"start":{"line":104,"column":23},"end":{"line":104,"column":24}},"loc":{"start":{"line":104,"column":38},"end":{"line":135,"column":5}},"line":104},"4":{"name":"(anonymous_4)","decl":{"start":{"line":107,"column":26},"end":{"line":107,"column":27}},"loc":{"start":{"line":108,"column":20},"end":{"line":131,"column":31}},"line":108},"5":{"name":"(anonymous_5)","decl":{"start":{"line":137,"column":27},"end":{"line":137,"column":28}},"loc":{"start":{"line":137,"column":42},"end":{"line":166,"column":5}},"line":137},"6":{"name":"(anonymous_6)","decl":{"start":{"line":140,"column":26},"end":{"line":140,"column":27}},"loc":{"start":{"line":141,"column":20},"end":{"line":162,"column":31}},"line":141},"7":{"name":"(anonymous_7)","decl":{"start":{"line":168,"column":33},"end":{"line":168,"column":34}},"loc":{"start":{"line":168,"column":96},"end":{"line":214,"column":5}},"line":168},"8":{"name":"(anonymous_8)","decl":{"start":{"line":170,"column":28},"end":{"line":170,"column":29}},"loc":{"start":{"line":170,"column":120},"end":{"line":179,"column":9}},"line":170},"9":{"name":"(anonymous_9)","decl":{"start":{"line":173,"column":37},"end":{"line":173,"column":38}},"loc":{"start":{"line":173,"column":50},"end":{"line":178,"column":13}},"line":173},"10":{"name":"(anonymous_10)","decl":{"start":{"line":183,"column":26},"end":{"line":183,"column":27}},"loc":{"start":{"line":184,"column":20},"end":{"line":210,"column":31}},"line":184},"11":{"name":"(anonymous_11)","decl":{"start":{"line":189,"column":75},"end":{"line":189,"column":76}},"loc":{"start":{"line":189,"column":93},"end":{"line":189,"column":178}},"line":189},"12":{"name":"(anonymous_12)","decl":{"start":{"line":217,"column":32},"end":{"line":217,"column":33}},"loc":{"start":{"line":217,"column":47},"end":{"line":248,"column":5}},"line":217},"13":{"name":"(anonymous_13)","decl":{"start":{"line":220,"column":26},"end":{"line":220,"column":27}},"loc":{"start":{"line":221,"column":20},"end":{"line":244,"column":31}},"line":221},"14":{"name":"(anonymous_14)","decl":{"start":{"line":264,"column":45},"end":{"line":264,"column":46}},"loc":{"start":{"line":264,"column":51},"end":{"line":264,"column":81}},"line":264},"15":{"name":"(anonymous_15)","decl":{"start":{"line":266,"column":49},"end":{"line":266,"column":50}},"loc":{"start":{"line":266,"column":55},"end":{"line":266,"column":84}},"line":266},"16":{"name":"(anonymous_16)","decl":{"start":{"line":273,"column":46},"end":{"line":273,"column":47}},"loc":{"start":{"line":274,"column":32},"end":{"line":285,"column":49}},"line":274}},"branchMap":{"0":{"loc":{"start":{"line":67,"column":8},"end":{"line":77,"column":9}},"type":"if","locations":[{"start":{"line":67,"column":8},"end":{"line":77,"column":9}},{"start":{},"end":{}}],"line":67},"1":{"loc":{"start":{"line":67,"column":12},"end":{"line":67,"column":38}},"type":"binary-expr","locations":[{"start":{"line":67,"column":12},"end":{"line":67,"column":17}},{"start":{"line":67,"column":21},"end":{"line":67,"column":38}}],"line":67},"2":{"loc":{"start":{"line":79,"column":8},"end":{"line":83,"column":9}},"type":"if","locations":[{"start":{"line":79,"column":8},"end":{"line":83,"column":9}},{"start":{},"end":{}}],"line":79},"3":{"loc":{"start":{"line":84,"column":8},"end":{"line":88,"column":9}},"type":"if","locations":[{"start":{"line":84,"column":8},"end":{"line":88,"column":9}},{"start":{},"end":{}}],"line":84},"4":{"loc":{"start":{"line":89,"column":8},"end":{"line":93,"column":9}},"type":"if","locations":[{"start":{"line":89,"column":8},"end":{"line":93,"column":9}},{"start":{},"end":{}}],"line":89},"5":{"loc":{"start":{"line":94,"column":8},"end":{"line":98,"column":9}},"type":"if","locations":[{"start":{"line":94,"column":8},"end":{"line":98,"column":9}},{"start":{},"end":{}}],"line":94},"6":{"loc":{"start":{"line":174,"column":16},"end":{"line":176,"column":17}},"type":"if","locations":[{"start":{"line":174,"column":16},"end":{"line":176,"column":17}},{"start":{},"end":{}}],"line":174},"7":{"loc":{"start":{"line":187,"column":25},"end":{"line":191,"column":32}},"type":"cond-expr","locations":[{"start":{"line":188,"column":28},"end":{"line":190,"column":40}},{"start":{"line":191,"column":28},"end":{"line":191,"column":32}}],"line":187},"8":{"loc":{"start":{"line":203,"column":71},"end":{"line":203,"column":126}},"type":"cond-expr","locations":[{"start":{"line":203,"column":91},"end":{"line":203,"column":120}},{"start":{"line":203,"column":123},"end":{"line":203,"column":126}}],"line":203},"9":{"loc":{"start":{"line":204,"column":74},"end":{"line":204,"column":121}},"type":"cond-expr","locations":[{"start":{"line":204,"column":91},"end":{"line":204,"column":115}},{"start":{"line":204,"column":118},"end":{"line":204,"column":121}}],"line":204},"10":{"loc":{"start":{"line":237,"column":71},"end":{"line":237,"column":141}},"type":"cond-expr","locations":[{"start":{"line":237,"column":94},"end":{"line":237,"column":135}},{"start":{"line":237,"column":138},"end":{"line":237,"column":141}}],"line":237},"11":{"loc":{"start":{"line":238,"column":74},"end":{"line":238,"column":127}},"type":"cond-expr","locations":[{"start":{"line":238,"column":94},"end":{"line":238,"column":121}},{"start":{"line":238,"column":124},"end":{"line":238,"column":127}}],"line":238},"12":{"loc":{"start":{"line":260,"column":17},"end":{"line":260,"column":61}},"type":"cond-expr","locations":[{"start":{"line":260,"column":25},"end":{"line":260,"column":56}},{"start":{"line":260,"column":59},"end":{"line":260,"column":61}}],"line":260},"13":{"loc":{"start":{"line":262,"column":13},"end":{"line":268,"column":27}},"type":"cond-expr","locations":[{"start":{"line":263,"column":16},"end":{"line":268,"column":22}},{"start":{"line":268,"column":25},"end":{"line":268,"column":27}}],"line":262},"14":{"loc":{"start":{"line":264,"column":147},"end":{"line":264,"column":201}},"type":"cond-expr","locations":[{"start":{"line":264,"column":178},"end":{"line":264,"column":190}},{"start":{"line":264,"column":193},"end":{"line":264,"column":201}}],"line":264},"15":{"loc":{"start":{"line":266,"column":151},"end":{"line":266,"column":205}},"type":"cond-expr","locations":[{"start":{"line":266,"column":182},"end":{"line":266,"column":190}},{"start":{"line":266,"column":193},"end":{"line":266,"column":205}}],"line":266},"16":{"loc":{"start":{"line":275,"column":37},"end":{"line":284,"column":37}},"type":"cond-expr","locations":[{"start":{"line":276,"column":40},"end":{"line":278,"column":52}},{"start":{"line":281,"column":40},"end":{"line":283,"column":52}}],"line":275},"17":{"loc":{"start":{"line":276,"column":158},"end":{"line":276,"column":205}},"type":"cond-expr","locations":[{"start":{"line":276,"column":168},"end":{"line":276,"column":185}},{"start":{"line":276,"column":188},"end":{"line":276,"column":205}}],"line":276},"18":{"loc":{"start":{"line":281,"column":158},"end":{"line":281,"column":205}},"type":"cond-expr","locations":[{"start":{"line":281,"column":168},"end":{"line":281,"column":185}},{"start":{"line":281,"column":188},"end":{"line":281,"column":205}}],"line":281}},"s":{"0":5,"1":5,"2":5,"3":75,"4":5,"5":38,"6":38,"7":38,"8":29,"9":9,"10":1,"11":8,"12":3,"13":5,"14":1,"15":4,"16":4,"17":38,"18":3,"19":15,"20":38,"21":1,"22":5,"23":38,"24":1,"25":0,"26":0,"27":0,"28":0,"29":0,"30":1,"31":5,"32":0,"33":38,"34":4,"35":20,"36":38,"37":2,"38":2,"39":207},"f":{"0":75,"1":38,"2":38,"3":3,"4":15,"5":1,"6":5,"7":1,"8":0,"9":0,"10":5,"11":0,"12":4,"13":20,"14":2,"15":2,"16":207},"b":{"0":[29,9],"1":[38,36],"2":[1,8],"3":[3,5],"4":[1,4],"5":[4,0],"6":[0,0],"7":[0,5],"8":[5,0],"9":[5,0],"10":[20,0],"11":[20,0],"12":[16,22],"13":[15,23],"14":[11,4],"15":[11,4],"16":[12,195],"17":[12,0],"18":[26,169]},"_coverageSchema":"1a1c01bbd47fc00a2c39e90264f33305004495a9","hash":"38899d38a53dce99fd539fc5f0e235ae42419b04"}
,"/home/ayusg/LDP/REACT/seeder-react/src/components/pages/CashAccelarationPage/CashAccelarationPage.tsx": {"path":"/home/ayusg/LDP/REACT/seeder-react/src/components/pages/CashAccelarationPage/CashAccelarationPage.tsx","statementMap":{"0":{"start":{"line":4,"column":29},"end":{"line":10,"column":1}},"1":{"start":{"line":5,"column":2},"end":{"line":9,"column":3}}},"fnMap":{"0":{"name":"(anonymous_0)","decl":{"start":{"line":4,"column":29},"end":{"line":4,"column":30}},"loc":{"start":{"line":4,"column":35},"end":{"line":10,"column":1}},"line":4}},"branchMap":{},"s":{"0":2,"1":1},"f":{"0":1},"b":{},"_coverageSchema":"1a1c01bbd47fc00a2c39e90264f33305004495a9","hash":"e0895aaa119aea44d900f4ec771cfcae776aabd1"}
,"/home/ayusg/LDP/REACT/seeder-react/src/components/pages/HomePage/HomePage.tsx": {"path":"/home/ayusg/LDP/REACT/seeder-react/src/components/pages/HomePage/HomePage.tsx","statementMap":{"0":{"start":{"line":4,"column":17},"end":{"line":10,"column":1}},"1":{"start":{"line":5,"column":2},"end":{"line":9,"column":3}}},"fnMap":{"0":{"name":"(anonymous_0)","decl":{"start":{"line":4,"column":17},"end":{"line":4,"column":18}},"loc":{"start":{"line":4,"column":23},"end":{"line":10,"column":1}},"line":4}},"branchMap":{},"s":{"0":1,"1":3},"f":{"0":3},"b":{},"_coverageSchema":"1a1c01bbd47fc00a2c39e90264f33305004495a9","hash":"40f04f5ed51ab171b73ce1e5b22a93df71539afc"}
,"/home/ayusg/LDP/REACT/seeder-react/src/components/pages/Main/Main.tsx": {"path":"/home/ayusg/LDP/REACT/seeder-react/src/components/pages/Main/Main.tsx","statementMap":{"0":{"start":{"line":10,"column":13},"end":{"line":42,"column":1}},"1":{"start":{"line":11,"column":21},"end":{"line":11,"column":34}},"2":{"start":{"line":12,"column":23},"end":{"line":20,"column":5}},"3":{"start":{"line":15,"column":8},"end":{"line":19,"column":9}},"4":{"start":{"line":16,"column":12},"end":{"line":16,"column":30}},"5":{"start":{"line":17,"column":15},"end":{"line":19,"column":9}},"6":{"start":{"line":18,"column":12},"end":{"line":18,"column":43}},"7":{"start":{"line":22,"column":4},"end":{"line":41,"column":6}}},"fnMap":{"0":{"name":"(anonymous_0)","decl":{"start":{"line":10,"column":13},"end":{"line":10,"column":14}},"loc":{"start":{"line":10,"column":19},"end":{"line":42,"column":1}},"line":10},"1":{"name":"(anonymous_1)","decl":{"start":{"line":12,"column":23},"end":{"line":12,"column":24}},"loc":{"start":{"line":12,"column":40},"end":{"line":20,"column":5}},"line":12}},"branchMap":{"0":{"loc":{"start":{"line":15,"column":8},"end":{"line":19,"column":9}},"type":"if","locations":[{"start":{"line":15,"column":8},"end":{"line":19,"column":9}},{"start":{"line":17,"column":15},"end":{"line":19,"column":9}}],"line":15},"1":{"loc":{"start":{"line":17,"column":15},"end":{"line":19,"column":9}},"type":"if","locations":[{"start":{"line":17,"column":15},"end":{"line":19,"column":9}},{"start":{},"end":{}}],"line":17}},"s":{"0":1,"1":3,"2":3,"3":2,"4":1,"5":1,"6":1,"7":3},"f":{"0":3,"1":2},"b":{"0":[1,1],"1":[1,0]},"_coverageSchema":"1a1c01bbd47fc00a2c39e90264f33305004495a9","hash":"922f6b4ea2572efe3577e0fba3ac91d432eb6d42"}
,"/home/ayusg/LDP/REACT/seeder-react/src/components/pages/NewCashKick/NewCashkick.tsx": {"path":"/home/ayusg/LDP/REACT/seeder-react/src/components/pages/NewCashKick/NewCashkick.tsx","statementMap":{"0":{"start":{"line":4,"column":24},"end":{"line":11,"column":1}},"1":{"start":{"line":6,"column":2},"end":{"line":10,"column":3}}},"fnMap":{"0":{"name":"(anonymous_0)","decl":{"start":{"line":4,"column":24},"end":{"line":4,"column":25}},"loc":{"start":{"line":4,"column":30},"end":{"line":11,"column":1}},"line":4}},"branchMap":{},"s":{"0":1,"1":0},"f":{"0":0},"b":{},"_coverageSchema":"1a1c01bbd47fc00a2c39e90264f33305004495a9","hash":"fab3866916b4ab71ac284e0f128d64385aefffe9"}
,"/home/ayusg/LDP/REACT/seeder-react/src/util/CircleGraph.tsx": {"path":"/home/ayusg/LDP/REACT/seeder-react/src/util/CircleGraph.tsx","statementMap":{"0":{"start":{"line":4,"column":20},"end":{"line":43,"column":1}},"1":{"start":{"line":5,"column":17},"end":{"line":5,"column":19}},"2":{"start":{"line":6,"column":24},"end":{"line":6,"column":44}},"3":{"start":{"line":9,"column":20},"end":{"line":9,"column":55}},"4":{"start":{"line":10,"column":21},"end":{"line":10,"column":71}},"5":{"start":{"line":12,"column":2},"end":{"line":42,"column":4}}},"fnMap":{"0":{"name":"(anonymous_0)","decl":{"start":{"line":4,"column":20},"end":{"line":4,"column":21}},"loc":{"start":{"line":4,"column":46},"end":{"line":43,"column":1}},"line":4}},"branchMap":{},"s":{"0":3,"1":5,"2":5,"3":5,"4":5,"5":5},"f":{"0":5},"b":{},"_coverageSchema":"1a1c01bbd47fc00a2c39e90264f33305004495a9","hash":"afe3fbd176ac03810be09da310e88e72ab492979"}
,"/home/ayusg/LDP/REACT/seeder-react/src/util/NumberFormatUtil.tsx": {"path":"/home/ayusg/LDP/REACT/seeder-react/src/util/NumberFormatUtil.tsx","statementMap":{"0":{"start":{"line":1,"column":23},"end":{"line":6,"column":1}},"1":{"start":{"line":2,"column":4},"end":{"line":5,"column":21}}},"fnMap":{"0":{"name":"(anonymous_0)","decl":{"start":{"line":1,"column":23},"end":{"line":1,"column":24}},"loc":{"start":{"line":1,"column":39},"end":{"line":6,"column":1}},"line":1}},"branchMap":{},"s":{"0":6,"1":265},"f":{"0":265},"b":{},"_coverageSchema":"1a1c01bbd47fc00a2c39e90264f33305004495a9","hash":"18544834f00b9cbc8c883d257eacc4da3bb792ec"}
}
