TN:
SF:src/App.tsx
FN:8,App
FNF:1
FNH:0
FNDA:0,App
DA:10,0
LF:1
LH:0
BRF:0
BRH:0
end_of_record
TN:
SF:src/api/api.tsx
FN:14,(anonymous_0)
FN:23,(anonymous_1)
FN:33,(anonymous_2)
FN:42,(anonymous_3)
FN:51,(anonymous_4)
FNF:5
FNH:0
FNDA:0,(anonymous_0)
FNDA:0,(anonymous_1)
FNDA:0,(anonymous_2)
FNDA:0,(anonymous_3)
FNDA:0,(anonymous_4)
DA:5,0
DA:7,0
DA:14,0
DA:15,0
DA:16,0
DA:17,0
DA:19,0
DA:23,0
DA:24,0
DA:25,0
DA:26,0
DA:28,0
DA:33,0
DA:34,0
DA:35,0
DA:36,0
DA:38,0
DA:42,0
DA:43,0
DA:44,0
DA:45,0
DA:47,0
DA:51,0
DA:52,0
DA:53,0
DA:54,0
DA:56,0
LF:27
LH:0
BRF:0
BRH:0
end_of_record
TN:
SF:src/components/Templates/CashAccelaration/CashAccelerationComp.tsx
FN:45,(anonymous_0)
FN:54,(anonymous_1)
FN:63,(anonymous_2)
FN:64,(anonymous_3)
FN:76,(anonymous_4)
FN:97,(anonymous_5)
FNF:6
FNH:6
FNDA:14,(anonymous_0)
FNDA:4,(anonymous_1)
FNDA:10,(anonymous_2)
FNDA:10,(anonymous_3)
FNDA:10,(anonymous_4)
FNDA:39,(anonymous_5)
DA:16,2
DA:17,2
DA:18,2
DA:45,2
DA:47,14
DA:48,13
DA:49,13
DA:50,13
DA:51,13
DA:52,13
DA:54,13
DA:55,4
DA:56,4
DA:57,2
DA:59,2
DA:63,13
DA:64,10
DA:65,10
DA:66,10
DA:67,9
DA:68,9
DA:71,1
DA:73,10
DA:76,10
DA:77,10
DA:78,10
DA:79,9
DA:82,1
DA:83,1
DA:85,10
DA:86,10
DA:90,10
DA:91,10
DA:94,13
DA:95,13
DA:97,13
DA:98,39
DA:115,13
LF:38
LH:38
BRDA:56,0,0,2
BRDA:56,0,1,2
BRDA:139,1,0,10
BRDA:139,1,1,3
BRDA:140,2,0,10
BRDA:140,2,1,3
BRDA:140,3,0,10
BRDA:140,3,1,3
BRF:8
BRH:8
end_of_record
TN:
SF:src/components/Templates/Home/Home.tsx
FN:96,(anonymous_0)
FN:101,(anonymous_1)
FN:102,(anonymous_2)
FNF:3
FNH:3
FNDA:7,(anonymous_0)
FNDA:4,(anonymous_1)
FNDA:4,(anonymous_2)
DA:16,2
DA:18,2
DA:57,2
DA:96,2
DA:97,7
DA:98,5
DA:99,5
DA:101,5
DA:102,4
DA:103,4
DA:104,4
DA:105,3
DA:107,1
DA:109,4
DA:110,4
DA:112,4
DA:115,4
DA:118,5
LF:18
LH:18
BRF:0
BRH:0
end_of_record
TN:
SF:src/components/Templates/NewCashKick/NewCashkick.tsx
FN:22,(anonymous_0)
FN:30,(anonymous_1)
FN:38,(anonymous_2)
FN:43,(anonymous_3)
FN:64,(anonymous_4)
FN:66,(anonymous_5)
FN:68,(anonymous_6)
FN:69,(anonymous_7)
FN:75,(anonymous_8)
FN:76,(anonymous_9)
FN:89,(anonymous_10)
FN:93,(anonymous_11)
FNF:12
FNH:4
FNDA:11,(anonymous_0)
FNDA:0,(anonymous_1)
FNDA:0,(anonymous_2)
FNDA:0,(anonymous_3)
FNDA:0,(anonymous_4)
FNDA:0,(anonymous_5)
FNDA:0,(anonymous_6)
FNDA:0,(anonymous_7)
FNDA:10,(anonymous_8)
FNDA:10,(anonymous_9)
FNDA:10,(anonymous_10)
FNDA:0,(anonymous_11)
DA:11,2
DA:20,2
DA:21,2
DA:22,2
DA:23,11
DA:24,10
DA:25,10
DA:26,10
DA:27,10
DA:28,10
DA:30,10
DA:31,0
DA:33,0
DA:34,0
DA:38,10
DA:39,0
DA:40,0
DA:41,0
DA:43,0
DA:44,0
DA:48,0
DA:58,0
DA:59,0
DA:60,0
DA:64,10
DA:65,0
DA:66,0
DA:68,0
DA:69,0
DA:75,10
DA:76,10
DA:77,10
DA:78,10
DA:79,9
DA:81,1
DA:83,10
DA:86,10
DA:89,10
DA:92,10
DA:93,10
DA:94,0
DA:96,10
LF:42
LH:25
BRDA:33,0,0,0
BRDA:33,0,1,0
BRDA:40,1,0,0
BRDA:40,1,1,0
BRDA:65,2,0,0
BRDA:65,2,1,0
BRDA:105,3,0,0
BRDA:105,3,1,10
BRDA:105,4,0,0
BRDA:105,4,1,10
BRF:10
BRH:2
end_of_record
TN:
SF:src/components/atoms/ButtonComp/ButtonComp.tsx
FN:19,(anonymous_0)
FN:21,(anonymous_1)
FNF:2
FNH:2
FNDA:214,(anonymous_0)
FNDA:18,(anonymous_1)
DA:19,11
DA:21,214
DA:22,18
DA:23,16
DA:27,214
LF:5
LH:5
BRDA:22,0,0,16
BRDA:22,0,1,2
BRDA:30,1,0,31
BRDA:30,1,1,183
BRDA:30,2,0,28
BRDA:30,2,1,186
BRDA:31,3,0,28
BRDA:31,3,1,186
BRF:8
BRH:8
end_of_record
TN:
SF:src/components/atoms/CheckboxComp/CheckboxComp.tsx
FN:5,(anonymous_0)
FN:29,(anonymous_1)
FNF:2
FNH:2
FNDA:15,(anonymous_0)
FNDA:1,(anonymous_1)
DA:5,6
DA:6,15
DA:7,15
DA:27,15
DA:28,15
DA:29,15
DA:30,1
DA:31,1
DA:34,15
LF:9
LH:9
BRDA:10,0,0,14
BRDA:10,0,1,1
BRDA:11,1,0,14
BRDA:11,1,1,1
BRDA:12,2,0,14
BRDA:12,2,1,1
BRDA:27,3,0,1
BRDA:27,3,1,14
BRF:8
BRH:8
end_of_record
TN:
SF:src/components/atoms/Image/Image.tsx
FN:3,(anonymous_0)
FNF:1
FNH:1
FNDA:256,(anonymous_0)
DA:3,14
DA:4,256
LF:2
LH:2
BRF:0
BRH:0
end_of_record
TN:
SF:src/components/atoms/InputComp/InputComp.tsx
FN:17,(anonymous_0)
FN:20,(anonymous_1)
FN:24,(anonymous_2)
FN:25,(anonymous_3)
FNF:4
FNH:4
FNDA:40,(anonymous_0)
FNDA:1,(anonymous_1)
FNDA:22,(anonymous_2)
FNDA:22,(anonymous_3)
DA:10,4
DA:17,4
DA:19,40
DA:20,40
DA:21,1
DA:24,40
DA:25,22
DA:26,22
DA:27,22
DA:28,22
DA:30,22
DA:33,40
LF:12
LH:12
BRDA:42,0,0,5
BRDA:42,0,1,35
BRDA:47,1,0,5
BRDA:47,1,1,35
BRF:4
BRH:4
end_of_record
TN:
SF:src/components/atoms/SliderComp/SliderComp.tsx
FN:4,valuetext
FN:23,(anonymous_1)
FN:27,(anonymous_2)
FN:31,(anonymous_3)
FNF:4
FNH:4
FNDA:52,valuetext
FNDA:53,(anonymous_1)
FNDA:1,(anonymous_2)
FNDA:34,(anonymous_3)
DA:5,52
DA:8,4
DA:23,4
DA:24,53
DA:25,53
DA:27,53
DA:28,1
DA:31,53
DA:32,34
DA:35,53
DA:39,53
LF:11
LH:11
BRDA:25,0,0,13
BRDA:25,0,1,40
BRF:2
BRH:2
end_of_record
TN:
SF:src/components/atoms/TypographyComp/TypographyComp.tsx
FN:11,(anonymous_0)
FNF:1
FNH:1
FNDA:1048,(anonymous_0)
DA:11,15
DA:12,1048
LF:2
LH:2
BRF:0
BRH:0
end_of_record
TN:
SF:src/components/molecules/Card/Card.tsx
FN:4,(anonymous_0)
FNF:1
FNH:1
FNDA:57,(anonymous_0)
DA:4,9
DA:5,57
DA:14,57
DA:21,9
LF:4
LH:4
BRF:0
BRH:0
end_of_record
TN:
SF:src/components/molecules/IconText/IconText.tsx
FN:6,(anonymous_0)
FN:8,(anonymous_1)
FN:17,(anonymous_2)
FNF:3
FNH:3
FNDA:152,(anonymous_0)
FNDA:2,(anonymous_1)
FNDA:2,(anonymous_2)
DA:6,11
DA:8,152
DA:9,2
DA:12,152
DA:18,2
DA:19,1
LF:6
LH:6
BRDA:9,0,0,1
BRDA:9,0,1,1
BRDA:18,1,0,1
BRDA:18,1,1,1
BRDA:23,2,0,31
BRDA:23,2,1,121
BRDA:25,3,0,126
BRDA:25,3,1,26
BRF:8
BRH:8
end_of_record
TN:
SF:src/components/molecules/PaymentsCard/PaymentsCard.tsx
FN:8,(anonymous_0)
FNF:1
FNH:1
FNDA:11,(anonymous_0)
DA:8,3
DA:9,11
LF:2
LH:2
BRDA:12,0,0,5
BRDA:12,0,1,6
BRDA:17,1,0,5
BRDA:17,1,1,6
BRF:4
BRH:4
end_of_record
TN:
SF:src/components/molecules/ProfileCard/ProfileCard.tsx
FN:53,(anonymous_0)
FNF:1
FNH:1
FNDA:1,(anonymous_0)
DA:11,1
DA:19,1
DA:36,1
DA:53,1
DA:54,1
LF:5
LH:5
BRF:0
BRH:0
end_of_record
TN:
SF:src/components/molecules/SideBarBox/SideBarBox.tsx
FN:6,(anonymous_0)
FN:10,(anonymous_1)
FN:31,(anonymous_2)
FNF:3
FNH:3
FNDA:7,(anonymous_0)
FNDA:15,(anonymous_1)
FNDA:15,(anonymous_2)
DA:6,3
DA:8,7
DA:10,7
DA:11,15
DA:12,1
DA:13,1
DA:15,14
DA:16,14
DA:18,15
DA:22,7
DA:29,7
DA:32,15
LF:12
LH:12
BRDA:11,0,0,1
BRDA:11,0,1,14
BRDA:33,1,0,1
BRDA:33,1,1,14
BRF:4
BRH:4
end_of_record
TN:
SF:src/components/organisms/CashAccelaration/CashAccelaration.tsx
FN:33,(anonymous_0)
FN:36,(anonymous_1)
FNF:2
FNH:2
FNDA:1,(anonymous_0)
FNDA:2,(anonymous_1)
DA:7,1
DA:16,1
DA:22,1
DA:33,1
DA:34,1
DA:37,2
LF:6
LH:6
BRF:0
BRH:0
end_of_record
TN:
SF:src/components/organisms/DialogComp/DialogComp.tsx
FN:21,(anonymous_0)
FN:25,(anonymous_1)
FN:30,(anonymous_2)
FN:34,(anonymous_3)
FN:38,(anonymous_4)
FN:42,(anonymous_5)
FN:53,(anonymous_6)
FN:70,(anonymous_7)
FNF:8
FNH:8
FNDA:50,(anonymous_0)
FNDA:1,(anonymous_1)
FNDA:3,(anonymous_2)
FNDA:16,(anonymous_3)
FNDA:33,(anonymous_4)
FNDA:1,(anonymous_5)
FNDA:49,(anonymous_6)
FNDA:1,(anonymous_7)
DA:9,3
DA:21,3
DA:22,50
DA:23,50
DA:25,50
DA:26,1
DA:27,1
DA:30,50
DA:31,3
DA:34,50
DA:35,16
DA:38,50
DA:39,33
DA:42,50
DA:43,1
DA:53,50
DA:54,49
DA:64,50
DA:71,1
DA:72,1
LF:20
LH:20
BRDA:78,0,0,1
BRDA:78,0,1,49
BRDA:79,1,0,1
BRDA:79,1,1,49
BRDA:83,2,0,49
BRDA:83,2,1,1
BRDA:87,3,0,1
BRDA:87,3,1,49
BRF:8
BRH:8
end_of_record
TN:
SF:src/components/organisms/Header/Header.tsx
FN:8,(anonymous_0)
FNF:1
FNH:1
FNDA:7,(anonymous_0)
DA:8,2
DA:9,7
LF:2
LH:2
BRF:0
BRH:0
end_of_record
TN:
SF:src/components/organisms/NavBar/NavBar.tsx
FN:50,(anonymous_0)
FNF:1
FNH:1
FNDA:6,(anonymous_0)
DA:10,2
DA:15,2
DA:33,2
DA:50,2
DA:51,6
LF:5
LH:5
BRF:0
BRH:0
end_of_record
TN:
SF:src/components/organisms/QuickAccess/QuickAccess.tsx
FN:28,(anonymous_0)
FN:31,(anonymous_1)
FNF:2
FNH:2
FNDA:20,(anonymous_0)
FNDA:2,(anonymous_1)
DA:7,4
DA:14,4
DA:19,4
DA:28,4
DA:30,20
DA:31,20
DA:32,2
DA:35,20
LF:8
LH:8
BRF:0
BRH:0
end_of_record
TN:
SF:src/components/organisms/SummaryCard/SummaryCard.tsx
FN:37,(anonymous_0)
FN:48,(anonymous_1)
FN:49,(anonymous_2)
FN:56,(anonymous_3)
FN:58,(anonymous_4)
FN:59,(anonymous_5)
FNF:6
FNH:6
FNDA:160,(anonymous_0)
FNDA:32,(anonymous_1)
FNDA:16,(anonymous_2)
FNDA:16,(anonymous_3)
FNDA:16,(anonymous_4)
FNDA:15,(anonymous_5)
DA:11,3
DA:30,3
DA:37,3
DA:38,160
DA:48,3
DA:49,32
DA:50,16
DA:53,32
DA:54,32
DA:56,32
DA:57,16
DA:58,16
DA:59,16
DA:60,15
DA:62,16
DA:63,16
DA:64,16
DA:68,16
DA:72,32
LF:19
LH:19
BRDA:83,0,0,10
BRDA:83,0,1,22
BRDA:117,1,0,2
BRDA:117,1,1,30
BRF:4
BRH:4
end_of_record
TN:
SF:src/components/organisms/TableComp/TableComp.tsx
FN:56,(anonymous_0)
FN:64,(anonymous_1)
FN:66,(anonymous_2)
FN:104,(anonymous_3)
FN:107,(anonymous_4)
FN:137,(anonymous_5)
FN:140,(anonymous_6)
FN:168,(anonymous_7)
FN:170,(anonymous_8)
FN:173,(anonymous_9)
FN:183,(anonymous_10)
FN:189,(anonymous_11)
FN:217,(anonymous_12)
FN:220,(anonymous_13)
FN:264,(anonymous_14)
FN:266,(anonymous_15)
FN:273,(anonymous_16)
FNF:17
FNH:14
FNDA:75,(anonymous_0)
FNDA:38,(anonymous_1)
FNDA:38,(anonymous_2)
FNDA:3,(anonymous_3)
FNDA:15,(anonymous_4)
FNDA:1,(anonymous_5)
FNDA:5,(anonymous_6)
FNDA:1,(anonymous_7)
FNDA:0,(anonymous_8)
FNDA:0,(anonymous_9)
FNDA:5,(anonymous_10)
FNDA:0,(anonymous_11)
FNDA:4,(anonymous_12)
FNDA:20,(anonymous_13)
FNDA:2,(anonymous_14)
FNDA:2,(anonymous_15)
FNDA:207,(anonymous_16)
DA:21,5
DA:38,5
DA:56,5
DA:57,75
DA:64,5
DA:65,38
DA:66,38
DA:67,38
DA:68,29
DA:79,9
DA:80,1
DA:84,8
DA:85,3
DA:89,5
DA:90,1
DA:94,4
DA:95,4
DA:104,38
DA:105,3
DA:108,15
DA:137,38
DA:138,1
DA:141,5
DA:168,38
DA:170,1
DA:172,0
DA:173,0
DA:174,0
DA:175,0
DA:177,0
DA:181,1
DA:184,5
DA:189,0
DA:217,38
DA:218,4
DA:221,20
DA:256,38
DA:264,2
DA:266,2
DA:274,207
LF:40
LH:34
BRDA:67,0,0,29
BRDA:67,0,1,9
BRDA:67,1,0,38
BRDA:67,1,1,36
BRDA:79,2,0,1
BRDA:79,2,1,8
BRDA:84,3,0,3
BRDA:84,3,1,5
BRDA:89,4,0,1
BRDA:89,4,1,4
BRDA:94,5,0,4
BRDA:94,5,1,0
BRDA:174,6,0,0
BRDA:174,6,1,0
BRDA:187,7,0,0
BRDA:187,7,1,5
BRDA:203,8,0,5
BRDA:203,8,1,0
BRDA:204,9,0,5
BRDA:204,9,1,0
BRDA:237,10,0,20
BRDA:237,10,1,0
BRDA:238,11,0,20
BRDA:238,11,1,0
BRDA:260,12,0,16
BRDA:260,12,1,22
BRDA:262,13,0,15
BRDA:262,13,1,23
BRDA:264,14,0,11
BRDA:264,14,1,4
BRDA:266,15,0,11
BRDA:266,15,1,4
BRDA:275,16,0,12
BRDA:275,16,1,195
BRDA:276,17,0,12
BRDA:276,17,1,0
BRDA:281,18,0,26
BRDA:281,18,1,169
BRF:38
BRH:29
end_of_record
TN:
SF:src/components/pages/CashAccelarationPage/CashAccelarationPage.tsx
FN:4,(anonymous_0)
FNF:1
FNH:1
FNDA:1,(anonymous_0)
DA:4,2
DA:5,1
LF:2
LH:2
BRF:0
BRH:0
end_of_record
TN:
SF:src/components/pages/HomePage/HomePage.tsx
FN:4,(anonymous_0)
FNF:1
FNH:1
FNDA:3,(anonymous_0)
DA:4,1
DA:5,3
LF:2
LH:2
BRF:0
BRH:0
end_of_record
TN:
SF:src/components/pages/Main/Main.tsx
FN:10,(anonymous_0)
FN:12,(anonymous_1)
FNF:2
FNH:2
FNDA:3,(anonymous_0)
FNDA:2,(anonymous_1)
DA:10,1
DA:11,3
DA:12,3
DA:15,2
DA:16,1
DA:17,1
DA:18,1
DA:22,3
LF:8
LH:8
BRDA:15,0,0,1
BRDA:15,0,1,1
BRDA:17,1,0,1
BRDA:17,1,1,0
BRF:4
BRH:3
end_of_record
TN:
SF:src/components/pages/NewCashKick/NewCashkick.tsx
FN:4,(anonymous_0)
FNF:1
FNH:0
FNDA:0,(anonymous_0)
DA:4,1
DA:6,0
LF:2
LH:1
BRF:0
BRH:0
end_of_record
TN:
SF:src/util/CircleGraph.tsx
FN:4,(anonymous_0)
FNF:1
FNH:1
FNDA:5,(anonymous_0)
DA:4,3
DA:5,5
DA:6,5
DA:9,5
DA:10,5
DA:12,5
LF:6
LH:6
BRF:0
BRH:0
end_of_record
TN:
SF:src/util/NumberFormatUtil.tsx
FN:1,(anonymous_0)
FNF:1
FNH:1
FNDA:265,(anonymous_0)
DA:1,6
DA:2,265
LF:2
LH:2
BRF:0
BRH:0
end_of_record
