TN:
SF:src/App.tsx
FN:8,App
FNF:1
FNH:1
FNDA:1,App
DA:9,1
LF:1
LH:1
BRF:0
BRH:0
end_of_record
TN:
SF:src/components/Templates/CashAccelaration/CashAccelerationComp.tsx
FN:41,(anonymous_0)
FNF:1
FNH:0
FNDA:0,(anonymous_0)
DA:12,1
DA:14,1
DA:41,1
DA:42,0
LF:4
LH:3
BRF:0
BRH:0
end_of_record
TN:
SF:src/components/Templates/Home/Home.tsx
FN:13,(anonymous_0)
FNF:1
FNH:1
FNDA:2,(anonymous_0)
DA:11,1
DA:13,1
DA:14,2
LF:3
LH:3
BRF:0
BRH:0
end_of_record
TN:
SF:src/components/atoms/ButtonComp/ButtonComp.tsx
FN:14,(anonymous_0)
FNF:1
FNH:1
FNDA:8,(anonymous_0)
DA:14,2
DA:16,8
LF:2
LH:2
BRDA:18,0,0,2
BRDA:18,0,1,6
BRDA:19,1,0,2
BRDA:19,1,1,6
BRF:4
BRH:4
end_of_record
TN:
SF:src/components/atoms/CheckboxComp/CheckboxComp.tsx
FN:5,(anonymous_0)
FN:28,(anonymous_1)
FNF:2
FNH:2
FNDA:6,(anonymous_0)
FNDA:2,(anonymous_1)
DA:5,2
DA:6,6
DA:26,6
DA:27,6
DA:28,6
DA:29,2
DA:31,6
LF:7
LH:7
BRDA:9,0,0,1
BRDA:9,0,1,5
BRDA:10,1,0,1
BRDA:10,1,1,5
BRDA:11,2,0,1
BRDA:11,2,1,5
BRF:6
BRH:6
end_of_record
TN:
SF:src/components/atoms/InputComp/InputComp.tsx
FN:17,(anonymous_0)
FNF:1
FNH:0
FNDA:0,(anonymous_0)
DA:10,0
DA:17,0
DA:18,0
LF:3
LH:0
BRDA:25,0,0,0
BRDA:25,0,1,0
BRDA:30,1,0,0
BRDA:30,1,1,0
BRF:4
BRH:0
end_of_record
TN:
SF:src/components/atoms/SliderComp/SliderComp.tsx
FN:4,valuetext
FN:23,(anonymous_1)
FN:27,(anonymous_2)
FNF:3
FNH:0
FNDA:0,valuetext
FNDA:0,(anonymous_1)
FNDA:0,(anonymous_2)
DA:5,0
DA:8,0
DA:23,0
DA:24,0
DA:25,0
DA:27,0
DA:28,0
DA:31,0
DA:35,0
LF:9
LH:0
BRF:0
BRH:0
end_of_record
TN:
SF:src/components/atoms/TypographyComp/TypographyComp.tsx
FN:11,(anonymous_0)
FNF:1
FNH:1
FNDA:26,(anonymous_0)
DA:11,1
DA:12,26
LF:2
LH:2
BRF:0
BRH:0
end_of_record
TN:
SF:src/components/molecules/CashCard/CashCard.tsx
FN:6,(anonymous_0)
FNF:1
FNH:0
FNDA:0,(anonymous_0)
DA:6,1
DA:7,0
LF:2
LH:1
BRF:0
BRH:0
end_of_record
TN:
SF:src/components/molecules/IconText/IconText.tsx
FN:20,(anonymous_0)
FN:22,(anonymous_1)
FNF:2
FNH:1
FNDA:8,(anonymous_0)
FNDA:0,(anonymous_1)
DA:6,1
DA:10,1
DA:20,1
DA:22,8
DA:23,0
DA:24,0
DA:27,8
LF:7
LH:5
BRDA:30,0,0,6
BRDA:30,0,1,2
BRDA:32,1,0,2
BRDA:32,1,1,6
BRF:4
BRH:4
end_of_record
TN:
SF:src/components/molecules/ProfileCard/ProfileCard.tsx
FN:53,(anonymous_0)
FNF:1
FNH:0
FNDA:0,(anonymous_0)
DA:11,0
DA:19,0
DA:36,0
DA:53,0
DA:54,0
LF:5
LH:0
BRF:0
BRH:0
end_of_record
TN:
SF:src/components/molecules/SideBarBox/SideBarBox.stories.tsx
FNF:0
FNH:0
DA:7,0
DA:23,0
DA:28,0
LF:3
LH:0
BRF:0
BRH:0
end_of_record
TN:
SF:src/components/molecules/SideBarBox/SideBarBox.tsx
FN:6,(anonymous_0)
FN:10,(anonymous_1)
FN:22,(anonymous_2)
FNF:3
FNH:3
FNDA:2,(anonymous_0)
FNDA:4,(anonymous_1)
FNDA:4,(anonymous_2)
DA:6,1
DA:8,2
DA:10,2
DA:11,4
DA:12,0
DA:14,4
DA:16,4
DA:20,2
DA:23,4
LF:9
LH:8
BRDA:11,0,0,0
BRDA:11,0,1,4
BRDA:23,1,0,0
BRDA:23,1,1,4
BRF:4
BRH:2
end_of_record
TN:
SF:src/components/organisms/CashAccelaration/CashAccelaration.tsx
FN:33,(anonymous_0)
FN:36,(anonymous_1)
FNF:2
FNH:0
FNDA:0,(anonymous_0)
FNDA:0,(anonymous_1)
DA:7,0
DA:16,0
DA:22,0
DA:33,0
DA:34,0
DA:37,0
LF:6
LH:0
BRF:0
BRH:0
end_of_record
TN:
SF:src/components/organisms/DialogComp/DialogComp.stories.tsx
FNF:0
FNH:0
DA:4,0
DA:20,0
LF:2
LH:0
BRF:0
BRH:0
end_of_record
TN:
SF:src/components/organisms/DialogComp/DialogComp.tsx
FN:19,(anonymous_0)
FN:22,(anonymous_1)
FN:31,(anonymous_2)
FNF:3
FNH:0
FNDA:0,(anonymous_0)
FNDA:0,(anonymous_1)
FNDA:0,(anonymous_2)
DA:7,0
DA:19,0
DA:20,0
DA:22,0
DA:23,0
DA:25,0
DA:32,0
DA:33,0
DA:34,0
DA:35,0
DA:36,0
DA:37,0
LF:12
LH:0
BRF:0
BRH:0
end_of_record
TN:
SF:src/components/organisms/Header/Header.tsx
FN:8,(anonymous_0)
FNF:1
FNH:1
FNDA:2,(anonymous_0)
DA:8,1
DA:9,2
LF:2
LH:2
BRF:0
BRH:0
end_of_record
TN:
SF:src/components/organisms/NavBar/NavBar.tsx
FN:50,(anonymous_0)
FNF:1
FNH:1
FNDA:2,(anonymous_0)
DA:10,1
DA:15,1
DA:33,1
DA:50,1
DA:51,2
LF:5
LH:5
BRF:0
BRH:0
end_of_record
TN:
SF:src/components/organisms/QuickAccess/QuickAccess.tsx
FN:27,(anonymous_0)
FNF:1
FNH:1
FNDA:2,(anonymous_0)
DA:6,1
DA:13,1
DA:18,1
DA:27,1
DA:28,2
LF:5
LH:5
BRF:0
BRH:0
end_of_record
TN:
SF:src/components/organisms/SummaryCard/SummaryCard.stories.tsx
FNF:0
FNH:0
DA:4,0
DA:20,0
LF:2
LH:0
BRF:0
BRH:0
end_of_record
TN:
SF:src/components/organisms/SummaryCard/SummaryCard.tsx
FN:35,(anonymous_0)
FNF:1
FNH:0
FNDA:0,(anonymous_0)
DA:10,0
DA:28,0
DA:35,0
DA:36,0
LF:4
LH:0
BRF:0
BRH:0
end_of_record
TN:
SF:src/components/organisms/TableComp/TableComp.tsx
FN:53,(anonymous_0)
FN:88,(anonymous_1)
FN:94,(anonymous_2)
FN:97,(anonymous_3)
FN:127,(anonymous_4)
FN:130,(anonymous_5)
FN:158,(anonymous_6)
FN:161,(anonymous_7)
FN:198,(anonymous_8)
FN:201,(anonymous_9)
FN:232,(anonymous_10)
FN:252,(anonymous_11)
FNF:12
FNH:3
FNDA:2,(anonymous_0)
FNDA:0,(anonymous_1)
FNDA:0,(anonymous_2)
FNDA:0,(anonymous_3)
FNDA:0,(anonymous_4)
FNDA:0,(anonymous_5)
FNDA:0,(anonymous_6)
FNDA:0,(anonymous_7)
FNDA:0,(anonymous_8)
FNDA:0,(anonymous_9)
FNDA:2,(anonymous_10)
FNDA:8,(anonymous_11)
DA:19,1
DA:36,1
DA:53,1
DA:54,2
DA:55,2
DA:66,0
DA:67,0
DA:71,0
DA:72,0
DA:76,0
DA:77,0
DA:81,0
DA:82,0
DA:88,1
DA:89,0
DA:94,1
DA:95,0
DA:98,0
DA:127,1
DA:128,0
DA:131,0
DA:158,1
DA:159,0
DA:162,0
DA:198,1
DA:199,0
DA:202,0
DA:232,1
DA:233,2
DA:234,2
DA:253,8
LF:31
LH:14
BRDA:54,0,0,2
BRDA:54,0,1,0
BRDA:54,1,0,2
BRDA:54,1,1,2
BRDA:66,2,0,0
BRDA:66,2,1,0
BRDA:71,3,0,0
BRDA:71,3,1,0
BRDA:76,4,0,0
BRDA:76,4,1,0
BRDA:81,5,0,0
BRDA:81,5,1,0
BRDA:169,6,0,0
BRDA:169,6,1,0
BRDA:185,7,0,0
BRDA:185,7,1,0
BRDA:186,8,0,0
BRDA:186,8,1,0
BRDA:218,9,0,0
BRDA:218,9,1,0
BRDA:219,10,0,0
BRDA:219,10,1,0
BRDA:238,11,0,0
BRDA:238,11,1,2
BRDA:241,12,0,0
BRDA:241,12,1,2
BRDA:254,13,0,0
BRDA:254,13,1,8
BRDA:257,14,0,2
BRDA:257,14,1,6
BRF:30
BRH:8
end_of_record
TN:
SF:src/components/pages/CashAccelarationPage/CashAccelarationPage.tsx
FN:4,(anonymous_0)
FNF:1
FNH:0
FNDA:0,(anonymous_0)
DA:4,1
DA:5,0
LF:2
LH:1
BRF:0
BRH:0
end_of_record
TN:
SF:src/components/pages/HomePage/HomePage.tsx
FN:4,(anonymous_0)
FNF:1
FNH:1
FNDA:2,(anonymous_0)
DA:4,1
DA:5,2
LF:2
LH:2
BRF:0
BRH:0
end_of_record
TN:
SF:src/components/pages/Main/Main.tsx
FN:9,(anonymous_0)
FN:11,(anonymous_1)
FNF:2
FNH:1
FNDA:1,(anonymous_0)
FNDA:0,(anonymous_1)
DA:9,1
DA:10,1
DA:11,1
DA:12,0
DA:15,0
DA:16,0
DA:17,0
DA:18,0
DA:22,1
LF:9
LH:4
BRDA:15,0,0,0
BRDA:15,0,1,0
BRDA:17,1,0,0
BRDA:17,1,1,0
BRF:4
BRH:0
end_of_record
